2025-01-15 18:09:46 INFO  [background-preinit] o.h.validator.internal.util.Version - HV000001: Hibernate Validator 8.0.1.Final
2025-01-15 18:09:46 INFO  [main] c.e.Apitrain.ApitrainApplication - Starting ApitrainApplication using Java 21 with PID 11544 (C:\Users\Portatil\Documents\Grado superior\Segundo\Acceso a Datos\Apitrain\target\classes started by Portatil in C:\Users\Portatil\Documents\Grado superior\Segundo\Acceso a Datos\Apitrain)
2025-01-15 18:09:46 INFO  [main] c.e.Apitrain.ApitrainApplication - No active profile set, falling back to 1 default profile: "default"
2025-01-15 18:09:47 INFO  [main] o.s.d.r.c.RepositoryConfigurationDelegate - Bootstrapping Spring Data JPA repositories in DEFAULT mode.
2025-01-15 18:09:48 INFO  [main] o.s.d.r.c.RepositoryConfigurationDelegate - Finished Spring Data repository scanning in 80 ms. Found 5 JPA repository interfaces.
2025-01-15 18:09:48 INFO  [main] o.s.b.w.e.tomcat.TomcatWebServer - Tomcat initialized with port 8080 (http)
2025-01-15 18:09:48 INFO  [main] o.a.coyote.http11.Http11NioProtocol - Initializing ProtocolHandler ["http-nio-8080"]
2025-01-15 18:09:48 INFO  [main] o.a.catalina.core.StandardService - Starting service [Tomcat]
2025-01-15 18:09:48 INFO  [main] o.a.catalina.core.StandardEngine - Starting Servlet engine: [Apache Tomcat/10.1.31]
2025-01-15 18:09:48 INFO  [main] o.a.c.c.C.[Tomcat].[localhost].[/] - Initializing Spring embedded WebApplicationContext
2025-01-15 18:09:48 INFO  [main] o.s.b.w.s.c.ServletWebServerApplicationContext - Root WebApplicationContext: initialization completed in 1978 ms
2025-01-15 18:09:48 INFO  [main] com.zaxxer.hikari.HikariDataSource - HikariPool-1 - Starting...
2025-01-15 18:09:49 INFO  [main] com.zaxxer.hikari.pool.HikariPool - HikariPool-1 - Added connection conn0: url=jdbc:h2:file:~/trainingapi_db user=SA
2025-01-15 18:09:49 INFO  [main] com.zaxxer.hikari.HikariDataSource - HikariPool-1 - Start completed.
2025-01-15 18:09:49 INFO  [main] o.s.b.a.h.H2ConsoleAutoConfiguration - H2 console available at '/h2-console'. Database available at 'jdbc:h2:file:~/trainingapi_db'
2025-01-15 18:09:49 INFO  [main] o.h.jpa.internal.util.LogHelper - HHH000204: Processing PersistenceUnitInfo [name: default]
2025-01-15 18:09:49 INFO  [main] org.hibernate.Version - HHH000412: Hibernate ORM core version 6.5.3.Final
2025-01-15 18:09:49 INFO  [main] o.h.c.i.RegionFactoryInitiator - HHH000026: Second-level cache disabled
2025-01-15 18:09:50 INFO  [main] o.s.o.j.p.SpringPersistenceUnitInfo - No LoadTimeWeaver setup: ignoring JPA class transformer
2025-01-15 18:09:51 INFO  [main] o.h.e.t.j.p.i.JtaPlatformInitiator - HHH000489: No JTA platform available (set 'hibernate.transaction.jta.platform' to enable JTA platform integration)
2025-01-15 18:09:51 INFO  [main] o.s.o.j.LocalContainerEntityManagerFactoryBean - Initialized JPA EntityManagerFactory for persistence unit 'default'
2025-01-15 18:09:51 WARN  [main] o.s.b.a.o.j.JpaBaseConfiguration$JpaWebConfiguration - spring.jpa.open-in-view is enabled by default. Therefore, database queries may be performed during view rendering. Explicitly configure spring.jpa.open-in-view to disable this warning
2025-01-15 18:09:52 INFO  [main] o.a.coyote.http11.Http11NioProtocol - Starting ProtocolHandler ["http-nio-8080"]
2025-01-15 18:09:52 INFO  [main] o.s.b.w.e.tomcat.TomcatWebServer - Tomcat started on port 8080 (http) with context path '/'
2025-01-15 18:09:52 INFO  [main] c.e.Apitrain.ApitrainApplication - Started ApitrainApplication in 6.932 seconds (process running for 7.791)
2025-01-15 18:10:31 INFO  [http-nio-8080-exec-1] o.a.c.c.C.[Tomcat].[localhost].[/] - Initializing Spring DispatcherServlet 'dispatcherServlet'
2025-01-15 18:10:31 INFO  [http-nio-8080-exec-1] o.s.web.servlet.DispatcherServlet - Initializing Servlet 'dispatcherServlet'
2025-01-15 18:10:31 INFO  [http-nio-8080-exec-1] o.s.web.servlet.DispatcherServlet - Completed initialization in 1 ms
2025-01-15 18:10:31 INFO  [http-nio-8080-exec-1] c.e.A.controller.TrainingController - Iniciando operación para obtener todos los entrenamientos
2025-01-15 18:10:31 INFO  [http-nio-8080-exec-1] c.e.Apitrain.service.TrainingService - Obteniendo todos los entrenamientos de la base de datos
2025-01-15 18:10:31 INFO  [http-nio-8080-exec-1] c.e.Apitrain.service.TrainingService - Se obtuvieron 15 entrenamientos
2025-01-15 18:10:31 INFO  [http-nio-8080-exec-1] c.e.A.controller.TrainingController - Operación completada: Se obtuvieron 15 entrenamientos
2025-01-15 18:10:33 INFO  [http-nio-8080-exec-2] c.e.A.controller.TrainingController - Iniciando operación para obtener el entrenamiento con ID 1
2025-01-15 18:10:33 INFO  [http-nio-8080-exec-2] c.e.Apitrain.service.TrainingService - Buscando entrenamiento con ID 1
2025-01-15 18:10:33 INFO  [http-nio-8080-exec-2] c.e.A.controller.TrainingController - Operación completada: Entrenamiento obtenido con ID 1
2025-01-15 18:10:34 INFO  [http-nio-8080-exec-3] c.e.A.controller.TrainingController - Iniciando operación para obtener todos los entrenamientos
2025-01-15 18:10:34 INFO  [http-nio-8080-exec-3] c.e.Apitrain.service.TrainingService - Obteniendo todos los entrenamientos de la base de datos
2025-01-15 18:10:34 INFO  [http-nio-8080-exec-3] c.e.Apitrain.service.TrainingService - Se obtuvieron 15 entrenamientos
2025-01-15 18:10:34 INFO  [http-nio-8080-exec-3] c.e.A.controller.TrainingController - Operación completada: Se obtuvieron 15 entrenamientos
2025-01-15 18:10:37 INFO  [http-nio-8080-exec-4] c.e.A.controller.TrainingController - Iniciando operación para obtener el entrenamiento con ID 7
2025-01-15 18:10:37 INFO  [http-nio-8080-exec-4] c.e.Apitrain.service.TrainingService - Buscando entrenamiento con ID 7
2025-01-15 18:10:37 INFO  [http-nio-8080-exec-4] c.e.A.controller.TrainingController - Operación completada: Entrenamiento obtenido con ID 7
2025-01-15 18:10:37 INFO  [http-nio-8080-exec-5] c.e.A.controller.TrainingController - Iniciando operación para eliminar el entrenamiento con ID 7
2025-01-15 18:10:37 INFO  [http-nio-8080-exec-5] c.e.Apitrain.service.TrainingService - Eliminando el entrenamiento con ID 7
2025-01-15 18:10:37 INFO  [http-nio-8080-exec-5] c.e.Apitrain.service.TrainingService - Buscando entrenamiento con ID 7
2025-01-15 18:10:37 INFO  [http-nio-8080-exec-5] c.e.Apitrain.service.TrainingService - Entrenamiento eliminado con éxito: ID 7
2025-01-15 18:10:37 INFO  [http-nio-8080-exec-5] c.e.A.controller.TrainingController - Operación completada: Entrenamiento eliminado con ID 7
2025-01-15 18:10:38 INFO  [http-nio-8080-exec-6] c.e.A.controller.TrainingController - Iniciando operación para obtener todos los entrenamientos
2025-01-15 18:10:38 INFO  [http-nio-8080-exec-6] c.e.Apitrain.service.TrainingService - Obteniendo todos los entrenamientos de la base de datos
2025-01-15 18:10:38 INFO  [http-nio-8080-exec-6] c.e.Apitrain.service.TrainingService - Se obtuvieron 14 entrenamientos
2025-01-15 18:10:38 INFO  [http-nio-8080-exec-6] c.e.A.controller.TrainingController - Operación completada: Se obtuvieron 14 entrenamientos
2025-01-15 18:10:40 INFO  [http-nio-8080-exec-7] c.e.A.controller.TrainingController - Iniciando operación para obtener el entrenamiento con ID 6
2025-01-15 18:10:40 INFO  [http-nio-8080-exec-7] c.e.Apitrain.service.TrainingService - Buscando entrenamiento con ID 6
2025-01-15 18:10:40 INFO  [http-nio-8080-exec-7] c.e.A.controller.TrainingController - Operación completada: Entrenamiento obtenido con ID 6
2025-01-15 18:10:41 INFO  [http-nio-8080-exec-8] c.e.A.controller.TrainingController - Iniciando operación para obtener el entrenamiento con ID 6
2025-01-15 18:10:41 INFO  [http-nio-8080-exec-8] c.e.Apitrain.service.TrainingService - Buscando entrenamiento con ID 6
2025-01-15 18:10:41 INFO  [http-nio-8080-exec-8] c.e.A.controller.TrainingController - Operación completada: Entrenamiento obtenido con ID 6
2025-01-15 18:10:46 INFO  [http-nio-8080-exec-9] c.e.A.controller.TrainingController - Iniciando operación para actualizar el entrenamiento con ID 6
2025-01-15 18:10:46 INFO  [http-nio-8080-exec-9] c.e.Apitrain.service.TrainingService - Actualizando el entrenamiento con ID 6
2025-01-15 18:10:46 INFO  [http-nio-8080-exec-9] c.e.Apitrain.service.TrainingService - Buscando entrenamiento con ID 6
2025-01-15 18:10:46 INFO  [http-nio-8080-exec-9] c.e.Apitrain.service.TrainingService - Entrenamiento actualizado con éxito: ID 6
2025-01-15 18:10:46 INFO  [http-nio-8080-exec-9] c.e.A.controller.TrainingController - Operación completada: Entrenamiento actualizado con ID 6
2025-01-15 18:10:47 INFO  [http-nio-8080-exec-10] c.e.A.controller.TrainingController - Iniciando operación para obtener todos los entrenamientos
2025-01-15 18:10:47 INFO  [http-nio-8080-exec-10] c.e.Apitrain.service.TrainingService - Obteniendo todos los entrenamientos de la base de datos
2025-01-15 18:10:47 INFO  [http-nio-8080-exec-10] c.e.Apitrain.service.TrainingService - Se obtuvieron 14 entrenamientos
2025-01-15 18:10:47 INFO  [http-nio-8080-exec-10] c.e.A.controller.TrainingController - Operación completada: Se obtuvieron 14 entrenamientos
2025-01-15 18:10:52 INFO  [http-nio-8080-exec-1] c.e.A.controller.TrainingController - Iniciando operación para obtener todos los entrenamientos
2025-01-15 18:10:52 INFO  [http-nio-8080-exec-1] c.e.Apitrain.service.TrainingService - Obteniendo todos los entrenamientos de la base de datos
2025-01-15 18:10:52 INFO  [http-nio-8080-exec-1] c.e.Apitrain.service.TrainingService - Se obtuvieron 14 entrenamientos
2025-01-15 18:10:52 INFO  [http-nio-8080-exec-1] c.e.A.controller.TrainingController - Operación completada: Se obtuvieron 14 entrenamientos
2025-01-15 18:10:59 INFO  [http-nio-8080-exec-2] c.e.A.controller.TrainingController - Iniciando operación para obtener todos los entrenamientos
2025-01-15 18:10:59 INFO  [http-nio-8080-exec-2] c.e.Apitrain.service.TrainingService - Obteniendo todos los entrenamientos de la base de datos
2025-01-15 18:10:59 INFO  [http-nio-8080-exec-2] c.e.Apitrain.service.TrainingService - Se obtuvieron 14 entrenamientos
2025-01-15 18:10:59 INFO  [http-nio-8080-exec-2] c.e.A.controller.TrainingController - Operación completada: Se obtuvieron 14 entrenamientos
2025-01-15 18:11:17 INFO  [http-nio-8080-exec-3] c.e.A.controller.TrainingController - Iniciando operación para obtener todos los entrenamientos
2025-01-15 18:11:17 INFO  [http-nio-8080-exec-3] c.e.Apitrain.service.TrainingService - Obteniendo todos los entrenamientos de la base de datos
2025-01-15 18:11:17 INFO  [http-nio-8080-exec-3] c.e.Apitrain.service.TrainingService - Se obtuvieron 14 entrenamientos
2025-01-15 18:11:17 INFO  [http-nio-8080-exec-3] c.e.A.controller.TrainingController - Operación completada: Se obtuvieron 14 entrenamientos
2025-01-15 18:11:20 INFO  [http-nio-8080-exec-4] c.e.A.controller.TrainingController - Iniciando operación para obtener todos los entrenamientos
2025-01-15 18:11:20 INFO  [http-nio-8080-exec-4] c.e.Apitrain.service.TrainingService - Obteniendo todos los entrenamientos de la base de datos
2025-01-15 18:11:20 INFO  [http-nio-8080-exec-4] c.e.Apitrain.service.TrainingService - Se obtuvieron 14 entrenamientos
2025-01-15 18:11:20 INFO  [http-nio-8080-exec-4] c.e.A.controller.TrainingController - Operación completada: Se obtuvieron 14 entrenamientos
2025-01-15 18:11:23 INFO  [http-nio-8080-exec-5] c.e.A.controller.TrainingController - Iniciando operación para crear un entrenamiento
2025-01-15 18:11:23 INFO  [http-nio-8080-exec-5] c.e.Apitrain.service.TrainingService - Guardando un nuevo entrenamiento en la base de datos
2025-01-15 18:11:23 INFO  [http-nio-8080-exec-5] c.e.Apitrain.service.TrainingService - Entrenamiento creado con éxito: ID 106
2025-01-15 18:11:23 INFO  [http-nio-8080-exec-5] c.e.A.controller.TrainingController - Entrenamiento creado con éxito: ID 106
2025-01-15 18:11:23 INFO  [http-nio-8080-exec-6] c.e.A.controller.TrainingController - Iniciando operación para obtener todos los entrenamientos
2025-01-15 18:11:23 INFO  [http-nio-8080-exec-6] c.e.Apitrain.service.TrainingService - Obteniendo todos los entrenamientos de la base de datos
2025-01-15 18:11:23 INFO  [http-nio-8080-exec-6] c.e.Apitrain.service.TrainingService - Se obtuvieron 15 entrenamientos
2025-01-15 18:11:23 INFO  [http-nio-8080-exec-6] c.e.A.controller.TrainingController - Operación completada: Se obtuvieron 15 entrenamientos
2025-01-15 18:11:25 INFO  [http-nio-8080-exec-7] c.e.A.controller.TrainingController - Iniciando operación para obtener el entrenamiento con ID 106
2025-01-15 18:11:25 INFO  [http-nio-8080-exec-7] c.e.Apitrain.service.TrainingService - Buscando entrenamiento con ID 106
2025-01-15 18:11:25 INFO  [http-nio-8080-exec-7] c.e.A.controller.TrainingController - Operación completada: Entrenamiento obtenido con ID 106
2025-01-15 18:11:27 INFO  [http-nio-8080-exec-8] c.e.A.controller.TrainingController - Iniciando operación para obtener todos los entrenamientos
2025-01-15 18:11:27 INFO  [http-nio-8080-exec-8] c.e.Apitrain.service.TrainingService - Obteniendo todos los entrenamientos de la base de datos
2025-01-15 18:11:27 INFO  [http-nio-8080-exec-8] c.e.Apitrain.service.TrainingService - Se obtuvieron 15 entrenamientos
2025-01-15 18:11:27 INFO  [http-nio-8080-exec-8] c.e.A.controller.TrainingController - Operación completada: Se obtuvieron 15 entrenamientos
2025-01-15 18:11:32 INFO  [http-nio-8080-exec-10] c.e.A.controller.TrainingController - Iniciando operación para obtener el entrenamiento con ID 106
2025-01-15 18:11:32 INFO  [http-nio-8080-exec-10] c.e.Apitrain.service.TrainingService - Buscando entrenamiento con ID 106
2025-01-15 18:11:32 INFO  [http-nio-8080-exec-10] c.e.A.controller.TrainingController - Operación completada: Entrenamiento obtenido con ID 106
2025-01-15 18:11:34 INFO  [http-nio-8080-exec-2] c.e.A.controller.TrainingController - Iniciando operación para obtener todos los entrenamientos
2025-01-15 18:11:34 INFO  [http-nio-8080-exec-2] c.e.Apitrain.service.TrainingService - Obteniendo todos los entrenamientos de la base de datos
2025-01-15 18:11:34 INFO  [http-nio-8080-exec-2] c.e.Apitrain.service.TrainingService - Se obtuvieron 15 entrenamientos
2025-01-15 18:11:34 INFO  [http-nio-8080-exec-2] c.e.A.controller.TrainingController - Operación completada: Se obtuvieron 15 entrenamientos
2025-01-15 18:11:36 INFO  [http-nio-8080-exec-4] c.e.A.controller.TrainingController - Iniciando operación para obtener todos los entrenamientos
2025-01-15 18:11:36 INFO  [http-nio-8080-exec-4] c.e.Apitrain.service.TrainingService - Obteniendo todos los entrenamientos de la base de datos
2025-01-15 18:11:36 INFO  [http-nio-8080-exec-4] c.e.Apitrain.service.TrainingService - Se obtuvieron 15 entrenamientos
2025-01-15 18:11:36 INFO  [http-nio-8080-exec-4] c.e.A.controller.TrainingController - Operación completada: Se obtuvieron 15 entrenamientos
2025-01-15 18:11:38 INFO  [http-nio-8080-exec-8] c.e.A.controller.TrainingController - Iniciando operación para actualizar el entrenamiento con ID 106
2025-01-15 18:11:38 INFO  [http-nio-8080-exec-8] c.e.Apitrain.service.TrainingService - Actualizando el entrenamiento con ID 106
2025-01-15 18:11:38 INFO  [http-nio-8080-exec-8] c.e.Apitrain.service.TrainingService - Buscando entrenamiento con ID 106
2025-01-15 18:11:38 INFO  [http-nio-8080-exec-8] c.e.Apitrain.service.TrainingService - Entrenamiento actualizado con éxito: ID 106
2025-01-15 18:11:38 INFO  [http-nio-8080-exec-8] c.e.A.controller.TrainingController - Operación completada: Entrenamiento actualizado con ID 106
2025-01-15 18:11:40 INFO  [http-nio-8080-exec-9] c.e.A.controller.TrainingController - Iniciando operación para obtener todos los entrenamientos
2025-01-15 18:11:40 INFO  [http-nio-8080-exec-9] c.e.Apitrain.service.TrainingService - Obteniendo todos los entrenamientos de la base de datos
2025-01-15 18:11:40 INFO  [http-nio-8080-exec-9] c.e.Apitrain.service.TrainingService - Se obtuvieron 15 entrenamientos
2025-01-15 18:11:40 INFO  [http-nio-8080-exec-9] c.e.A.controller.TrainingController - Operación completada: Se obtuvieron 15 entrenamientos
2025-01-15 18:11:43 INFO  [http-nio-8080-exec-1] c.e.A.controller.TrainingController - Iniciando operación para obtener todos los entrenamientos
2025-01-15 18:11:43 INFO  [http-nio-8080-exec-1] c.e.Apitrain.service.TrainingService - Obteniendo todos los entrenamientos de la base de datos
2025-01-15 18:11:43 INFO  [http-nio-8080-exec-1] c.e.Apitrain.service.TrainingService - Se obtuvieron 15 entrenamientos
2025-01-15 18:11:43 INFO  [http-nio-8080-exec-1] c.e.A.controller.TrainingController - Operación completada: Se obtuvieron 15 entrenamientos
2025-01-15 18:11:47 INFO  [http-nio-8080-exec-3] c.e.A.controller.TrainingController - Iniciando operación para obtener el entrenamiento con ID 1
2025-01-15 18:11:47 INFO  [http-nio-8080-exec-3] c.e.Apitrain.service.TrainingService - Buscando entrenamiento con ID 1
2025-01-15 18:11:47 INFO  [http-nio-8080-exec-3] c.e.A.controller.TrainingController - Operación completada: Entrenamiento obtenido con ID 1
2025-01-15 18:11:48 INFO  [http-nio-8080-exec-5] c.e.A.controller.TrainingController - Iniciando operación para obtener todos los entrenamientos
2025-01-15 18:11:48 INFO  [http-nio-8080-exec-5] c.e.Apitrain.service.TrainingService - Obteniendo todos los entrenamientos de la base de datos
2025-01-15 18:11:48 INFO  [http-nio-8080-exec-5] c.e.Apitrain.service.TrainingService - Se obtuvieron 15 entrenamientos
2025-01-15 18:11:48 INFO  [http-nio-8080-exec-5] c.e.A.controller.TrainingController - Operación completada: Se obtuvieron 15 entrenamientos
2025-01-15 18:11:49 INFO  [http-nio-8080-exec-7] c.e.A.controller.TrainingController - Iniciando operación para obtener el entrenamiento con ID 5
2025-01-15 18:11:49 INFO  [http-nio-8080-exec-7] c.e.Apitrain.service.TrainingService - Buscando entrenamiento con ID 5
2025-01-15 18:11:49 INFO  [http-nio-8080-exec-7] c.e.A.controller.TrainingController - Operación completada: Entrenamiento obtenido con ID 5
2025-01-15 18:11:50 INFO  [http-nio-8080-exec-6] c.e.A.controller.TrainingController - Iniciando operación para obtener todos los entrenamientos
2025-01-15 18:11:50 INFO  [http-nio-8080-exec-6] c.e.Apitrain.service.TrainingService - Obteniendo todos los entrenamientos de la base de datos
2025-01-15 18:11:50 INFO  [http-nio-8080-exec-6] c.e.Apitrain.service.TrainingService - Se obtuvieron 15 entrenamientos
2025-01-15 18:11:50 INFO  [http-nio-8080-exec-6] c.e.A.controller.TrainingController - Operación completada: Se obtuvieron 15 entrenamientos
2025-01-15 18:11:50 INFO  [http-nio-8080-exec-8] c.e.A.controller.TrainingController - Iniciando operación para obtener el entrenamiento con ID 5
2025-01-15 18:11:50 INFO  [http-nio-8080-exec-8] c.e.Apitrain.service.TrainingService - Buscando entrenamiento con ID 5
2025-01-15 18:11:50 INFO  [http-nio-8080-exec-8] c.e.A.controller.TrainingController - Operación completada: Entrenamiento obtenido con ID 5
2025-01-15 18:11:51 INFO  [http-nio-8080-exec-9] c.e.A.controller.TrainingController - Iniciando operación para obtener todos los entrenamientos
2025-01-15 18:11:51 INFO  [http-nio-8080-exec-9] c.e.Apitrain.service.TrainingService - Obteniendo todos los entrenamientos de la base de datos
2025-01-15 18:11:51 INFO  [http-nio-8080-exec-9] c.e.Apitrain.service.TrainingService - Se obtuvieron 15 entrenamientos
2025-01-15 18:11:51 INFO  [http-nio-8080-exec-9] c.e.A.controller.TrainingController - Operación completada: Se obtuvieron 15 entrenamientos
2025-01-15 18:11:52 INFO  [http-nio-8080-exec-1] c.e.A.controller.TrainingController - Iniciando operación para obtener el entrenamiento con ID 5
2025-01-15 18:11:52 INFO  [http-nio-8080-exec-1] c.e.Apitrain.service.TrainingService - Buscando entrenamiento con ID 5
2025-01-15 18:11:52 INFO  [http-nio-8080-exec-1] c.e.A.controller.TrainingController - Operación completada: Entrenamiento obtenido con ID 5
2025-01-15 18:11:53 INFO  [http-nio-8080-exec-2] c.e.A.controller.TrainingController - Iniciando operación para obtener el entrenamiento con ID 5
2025-01-15 18:11:53 INFO  [http-nio-8080-exec-2] c.e.Apitrain.service.TrainingService - Buscando entrenamiento con ID 5
2025-01-15 18:11:53 INFO  [http-nio-8080-exec-2] c.e.A.controller.TrainingController - Operación completada: Entrenamiento obtenido con ID 5
2025-01-15 18:11:54 INFO  [http-nio-8080-exec-3] c.e.A.controller.TrainingController - Iniciando operación para actualizar el entrenamiento con ID 5
2025-01-15 18:11:54 INFO  [http-nio-8080-exec-3] c.e.Apitrain.service.TrainingService - Actualizando el entrenamiento con ID 5
2025-01-15 18:11:54 INFO  [http-nio-8080-exec-3] c.e.Apitrain.service.TrainingService - Buscando entrenamiento con ID 5
2025-01-15 18:11:54 INFO  [http-nio-8080-exec-3] c.e.Apitrain.service.TrainingService - Entrenamiento actualizado con éxito: ID 5
2025-01-15 18:11:54 INFO  [http-nio-8080-exec-3] c.e.A.controller.TrainingController - Operación completada: Entrenamiento actualizado con ID 5
2025-01-15 18:11:55 INFO  [http-nio-8080-exec-4] c.e.A.controller.TrainingController - Iniciando operación para obtener todos los entrenamientos
2025-01-15 18:11:55 INFO  [http-nio-8080-exec-4] c.e.Apitrain.service.TrainingService - Obteniendo todos los entrenamientos de la base de datos
2025-01-15 18:11:55 INFO  [http-nio-8080-exec-4] c.e.Apitrain.service.TrainingService - Se obtuvieron 15 entrenamientos
2025-01-15 18:11:55 INFO  [http-nio-8080-exec-4] c.e.A.controller.TrainingController - Operación completada: Se obtuvieron 15 entrenamientos
2025-01-15 18:11:56 INFO  [http-nio-8080-exec-5] c.e.A.controller.TrainingController - Iniciando operación para obtener el entrenamiento con ID 5
2025-01-15 18:11:56 INFO  [http-nio-8080-exec-5] c.e.Apitrain.service.TrainingService - Buscando entrenamiento con ID 5
2025-01-15 18:11:56 INFO  [http-nio-8080-exec-5] c.e.A.controller.TrainingController - Operación completada: Entrenamiento obtenido con ID 5
2025-01-15 18:11:57 INFO  [http-nio-8080-exec-7] c.e.A.controller.TrainingController - Iniciando operación para obtener todos los entrenamientos
2025-01-15 18:11:57 INFO  [http-nio-8080-exec-7] c.e.Apitrain.service.TrainingService - Obteniendo todos los entrenamientos de la base de datos
2025-01-15 18:11:57 INFO  [http-nio-8080-exec-7] c.e.Apitrain.service.TrainingService - Se obtuvieron 15 entrenamientos
2025-01-15 18:11:57 INFO  [http-nio-8080-exec-7] c.e.A.controller.TrainingController - Operación completada: Se obtuvieron 15 entrenamientos
2025-01-15 18:12:00 INFO  [http-nio-8080-exec-6] c.e.A.controller.TrainingController - Iniciando operación para obtener todos los entrenamientos
2025-01-15 18:12:00 INFO  [http-nio-8080-exec-6] c.e.Apitrain.service.TrainingService - Obteniendo todos los entrenamientos de la base de datos
2025-01-15 18:12:00 INFO  [http-nio-8080-exec-6] c.e.Apitrain.service.TrainingService - Se obtuvieron 15 entrenamientos
2025-01-15 18:12:00 INFO  [http-nio-8080-exec-6] c.e.A.controller.TrainingController - Operación completada: Se obtuvieron 15 entrenamientos
2025-01-15 18:12:01 INFO  [http-nio-8080-exec-9] c.e.A.controller.TrainingController - Iniciando operación para obtener todos los entrenamientos
2025-01-15 18:12:01 INFO  [http-nio-8080-exec-9] c.e.Apitrain.service.TrainingService - Obteniendo todos los entrenamientos de la base de datos
2025-01-15 18:12:01 INFO  [http-nio-8080-exec-9] c.e.Apitrain.service.TrainingService - Se obtuvieron 15 entrenamientos
2025-01-15 18:12:01 INFO  [http-nio-8080-exec-9] c.e.A.controller.TrainingController - Operación completada: Se obtuvieron 15 entrenamientos
2025-01-15 18:12:06 INFO  [http-nio-8080-exec-10] c.e.A.controller.TrainingController - Iniciando operación para obtener todos los entrenamientos
2025-01-15 18:12:06 INFO  [http-nio-8080-exec-10] c.e.Apitrain.service.TrainingService - Obteniendo todos los entrenamientos de la base de datos
2025-01-15 18:12:06 INFO  [http-nio-8080-exec-10] c.e.Apitrain.service.TrainingService - Se obtuvieron 15 entrenamientos
2025-01-15 18:12:06 INFO  [http-nio-8080-exec-10] c.e.A.controller.TrainingController - Operación completada: Se obtuvieron 15 entrenamientos
2025-01-15 18:12:11 INFO  [http-nio-8080-exec-1] c.e.A.controller.TrainingController - Iniciando operación para obtener el entrenamiento con ID 37
2025-01-15 18:12:11 INFO  [http-nio-8080-exec-1] c.e.Apitrain.service.TrainingService - Buscando entrenamiento con ID 37
2025-01-15 18:12:11 INFO  [http-nio-8080-exec-1] c.e.A.controller.TrainingController - Operación completada: Entrenamiento obtenido con ID 37
2025-01-15 18:12:12 INFO  [http-nio-8080-exec-2] c.e.A.controller.TrainingController - Iniciando operación para obtener todos los entrenamientos
2025-01-15 18:12:12 INFO  [http-nio-8080-exec-2] c.e.Apitrain.service.TrainingService - Obteniendo todos los entrenamientos de la base de datos
2025-01-15 18:12:12 INFO  [http-nio-8080-exec-2] c.e.Apitrain.service.TrainingService - Se obtuvieron 15 entrenamientos
2025-01-15 18:12:12 INFO  [http-nio-8080-exec-2] c.e.A.controller.TrainingController - Operación completada: Se obtuvieron 15 entrenamientos
2025-01-15 18:12:14 INFO  [http-nio-8080-exec-3] c.e.A.controller.AthleteController - Iniciando operación para obtener todos los atletas
2025-01-15 18:12:14 INFO  [http-nio-8080-exec-3] c.e.Apitrain.service.AthleteService - Obteniendo todos los atletas de la base de datos
2025-01-15 18:12:14 INFO  [http-nio-8080-exec-3] c.e.Apitrain.service.AthleteService - Se obtuvieron {} atletas
2025-01-15 18:12:14 INFO  [http-nio-8080-exec-3] c.e.A.controller.AthleteController - Operación completada: Se obtuvieron {} atletas
2025-01-15 18:12:15 INFO  [http-nio-8080-exec-4] c.e.A.controller.AthleteController - Iniciando operación para obtener el atleta con ID {}
2025-01-15 18:12:15 INFO  [http-nio-8080-exec-4] c.e.Apitrain.service.AthleteService - Buscando atleta con ID {}
2025-01-15 18:12:15 INFO  [http-nio-8080-exec-4] c.e.A.controller.AthleteController - Operación completada: Atleta obtenido con ID {}
2025-01-15 18:12:19 INFO  [http-nio-8080-exec-7] c.e.A.controller.AthleteController - Iniciando operación para obtener el atleta con ID {}
2025-01-15 18:12:19 INFO  [http-nio-8080-exec-7] c.e.Apitrain.service.AthleteService - Buscando atleta con ID {}
2025-01-15 18:12:19 INFO  [http-nio-8080-exec-7] c.e.A.controller.AthleteController - Operación completada: Atleta obtenido con ID {}
2025-01-15 18:12:21 INFO  [http-nio-8080-exec-6] c.e.A.controller.AthleteController - Iniciando operación para actualizar el atleta con ID {}
2025-01-15 18:12:21 INFO  [http-nio-8080-exec-6] c.e.Apitrain.service.AthleteService - Actualizando el atleta con ID {}
2025-01-15 18:12:21 INFO  [http-nio-8080-exec-6] c.e.Apitrain.service.AthleteService - Buscando atleta con ID {}
2025-01-15 18:12:21 INFO  [http-nio-8080-exec-6] c.e.A.controller.AthleteController - Operación completada: Atleta actualizado con ID {}
2025-01-15 18:12:24 INFO  [http-nio-8080-exec-9] c.e.A.controller.AthleteController - Iniciando operación para obtener todos los atletas
2025-01-15 18:12:24 INFO  [http-nio-8080-exec-9] c.e.Apitrain.service.AthleteService - Obteniendo todos los atletas de la base de datos
2025-01-15 18:12:24 INFO  [http-nio-8080-exec-9] c.e.Apitrain.service.AthleteService - Se obtuvieron {} atletas
2025-01-15 18:12:24 INFO  [http-nio-8080-exec-9] c.e.A.controller.AthleteController - Operación completada: Se obtuvieron {} atletas
2025-01-15 18:12:25 INFO  [http-nio-8080-exec-2] c.e.A.controller.AthleteController - Iniciando operación para obtener el atleta con ID {}
2025-01-15 18:12:25 INFO  [http-nio-8080-exec-2] c.e.Apitrain.service.AthleteService - Buscando atleta con ID {}
2025-01-15 18:12:25 INFO  [http-nio-8080-exec-2] c.e.A.controller.AthleteController - Operación completada: Atleta obtenido con ID {}
2025-01-15 18:12:26 INFO  [http-nio-8080-exec-4] c.e.A.controller.AthleteController - Iniciando operación para obtener todos los atletas
2025-01-15 18:12:26 INFO  [http-nio-8080-exec-4] c.e.Apitrain.service.AthleteService - Obteniendo todos los atletas de la base de datos
2025-01-15 18:12:26 INFO  [http-nio-8080-exec-4] c.e.Apitrain.service.AthleteService - Se obtuvieron {} atletas
2025-01-15 18:12:26 INFO  [http-nio-8080-exec-4] c.e.A.controller.AthleteController - Operación completada: Se obtuvieron {} atletas
2025-01-15 18:12:28 INFO  [http-nio-8080-exec-7] c.e.A.controller.AthleteController - Iniciando operación para obtener el atleta con ID {}
2025-01-15 18:12:28 INFO  [http-nio-8080-exec-7] c.e.Apitrain.service.AthleteService - Buscando atleta con ID {}
2025-01-15 18:12:28 INFO  [http-nio-8080-exec-7] c.e.A.controller.AthleteController - Operación completada: Atleta obtenido con ID {}
2025-01-15 18:12:29 INFO  [http-nio-8080-exec-6] c.e.A.controller.AthleteController - Iniciando operación para obtener todos los atletas
2025-01-15 18:12:29 INFO  [http-nio-8080-exec-6] c.e.Apitrain.service.AthleteService - Obteniendo todos los atletas de la base de datos
2025-01-15 18:12:29 INFO  [http-nio-8080-exec-6] c.e.Apitrain.service.AthleteService - Se obtuvieron {} atletas
2025-01-15 18:12:29 INFO  [http-nio-8080-exec-6] c.e.A.controller.AthleteController - Operación completada: Se obtuvieron {} atletas
2025-01-15 18:12:29 INFO  [http-nio-8080-exec-8] c.e.A.controller.AthleteController - Iniciando operación para obtener el atleta con ID {}
2025-01-15 18:12:29 INFO  [http-nio-8080-exec-8] c.e.Apitrain.service.AthleteService - Buscando atleta con ID {}
2025-01-15 18:12:29 INFO  [http-nio-8080-exec-8] c.e.A.controller.AthleteController - Operación completada: Atleta obtenido con ID {}
2025-01-15 18:12:30 INFO  [http-nio-8080-exec-9] c.e.A.controller.AthleteController - Iniciando operación para eliminar el atleta con ID {}
2025-01-15 18:12:30 INFO  [http-nio-8080-exec-9] c.e.Apitrain.service.AthleteService - Eliminando el atleta con ID {}
2025-01-15 18:12:30 INFO  [http-nio-8080-exec-9] c.e.A.controller.AthleteController - Operación completada: Atleta eliminado con ID {}
2025-01-15 18:12:30 INFO  [http-nio-8080-exec-1] c.e.A.controller.AthleteController - Iniciando operación para obtener todos los atletas
2025-01-15 18:12:30 INFO  [http-nio-8080-exec-1] c.e.Apitrain.service.AthleteService - Obteniendo todos los atletas de la base de datos
2025-01-15 18:12:30 INFO  [http-nio-8080-exec-1] c.e.Apitrain.service.AthleteService - Se obtuvieron {} atletas
2025-01-15 18:12:30 INFO  [http-nio-8080-exec-1] c.e.A.controller.AthleteController - Operación completada: Se obtuvieron {} atletas
2025-01-15 18:12:32 INFO  [http-nio-8080-exec-10] c.e.A.controller.AthleteController - Iniciando operación para obtener el atleta con ID {}
2025-01-15 18:12:32 INFO  [http-nio-8080-exec-10] c.e.Apitrain.service.AthleteService - Buscando atleta con ID {}
2025-01-15 18:12:32 INFO  [http-nio-8080-exec-10] c.e.A.controller.AthleteController - Operación completada: Atleta obtenido con ID {}
2025-01-15 18:12:35 INFO  [http-nio-8080-exec-3] c.e.A.controller.AthleteController - Iniciando operación para eliminar el atleta con ID {}
2025-01-15 18:12:35 INFO  [http-nio-8080-exec-3] c.e.Apitrain.service.AthleteService - Eliminando el atleta con ID {}
2025-01-15 18:12:35 INFO  [http-nio-8080-exec-3] c.e.A.controller.AthleteController - Operación completada: Atleta eliminado con ID {}
2025-01-15 18:12:35 INFO  [http-nio-8080-exec-4] c.e.A.controller.AthleteController - Iniciando operación para obtener todos los atletas
2025-01-15 18:12:35 INFO  [http-nio-8080-exec-4] c.e.Apitrain.service.AthleteService - Obteniendo todos los atletas de la base de datos
2025-01-15 18:12:35 INFO  [http-nio-8080-exec-4] c.e.Apitrain.service.AthleteService - Se obtuvieron {} atletas
2025-01-15 18:12:35 INFO  [http-nio-8080-exec-4] c.e.A.controller.AthleteController - Operación completada: Se obtuvieron {} atletas
2025-01-15 18:12:37 INFO  [http-nio-8080-exec-7] c.e.A.controller.AthleteController - Iniciando operación para obtener todos los atletas
2025-01-15 18:12:37 INFO  [http-nio-8080-exec-7] c.e.Apitrain.service.AthleteService - Obteniendo todos los atletas de la base de datos
2025-01-15 18:12:37 INFO  [http-nio-8080-exec-7] c.e.Apitrain.service.AthleteService - Se obtuvieron {} atletas
2025-01-15 18:12:37 INFO  [http-nio-8080-exec-7] c.e.A.controller.AthleteController - Operación completada: Se obtuvieron {} atletas
2025-01-15 18:12:39 INFO  [http-nio-8080-exec-6] c.e.A.controller.AthleteController - Iniciando operación para obtener todos los atletas
2025-01-15 18:12:39 INFO  [http-nio-8080-exec-6] c.e.Apitrain.service.AthleteService - Obteniendo todos los atletas de la base de datos
2025-01-15 18:12:39 INFO  [http-nio-8080-exec-6] c.e.Apitrain.service.AthleteService - Se obtuvieron {} atletas
2025-01-15 18:12:39 INFO  [http-nio-8080-exec-6] c.e.A.controller.AthleteController - Operación completada: Se obtuvieron {} atletas
2025-01-15 18:12:41 INFO  [http-nio-8080-exec-1] c.e.A.controller.AthleteController - Iniciando operación para obtener el atleta con ID {}
2025-01-15 18:12:41 INFO  [http-nio-8080-exec-1] c.e.Apitrain.service.AthleteService - Buscando atleta con ID {}
2025-01-15 18:12:41 INFO  [http-nio-8080-exec-1] c.e.A.controller.AthleteController - Operación completada: Atleta obtenido con ID {}
2025-01-15 18:12:42 INFO  [http-nio-8080-exec-10] c.e.A.controller.AthleteController - Iniciando operación para obtener el atleta con ID {}
2025-01-15 18:12:42 INFO  [http-nio-8080-exec-10] c.e.Apitrain.service.AthleteService - Buscando atleta con ID {}
2025-01-15 18:12:42 INFO  [http-nio-8080-exec-10] c.e.A.controller.AthleteController - Operación completada: Atleta obtenido con ID {}
2025-01-15 18:12:48 INFO  [http-nio-8080-exec-4] c.e.A.controller.AthleteController - Iniciando operación para obtener todos los atletas
2025-01-15 18:12:48 INFO  [http-nio-8080-exec-4] c.e.Apitrain.service.AthleteService - Obteniendo todos los atletas de la base de datos
2025-01-15 18:12:48 INFO  [http-nio-8080-exec-4] c.e.Apitrain.service.AthleteService - Se obtuvieron {} atletas
2025-01-15 18:12:48 INFO  [http-nio-8080-exec-4] c.e.A.controller.AthleteController - Operación completada: Se obtuvieron {} atletas
2025-01-15 18:13:00 INFO  [http-nio-8080-exec-7] c.e.A.controller.AthleteController - Iniciando operación para obtener todos los atletas
2025-01-15 18:13:00 INFO  [http-nio-8080-exec-7] c.e.Apitrain.service.AthleteService - Obteniendo todos los atletas de la base de datos
2025-01-15 18:13:00 INFO  [http-nio-8080-exec-7] c.e.Apitrain.service.AthleteService - Se obtuvieron {} atletas
2025-01-15 18:13:00 INFO  [http-nio-8080-exec-7] c.e.A.controller.AthleteController - Operación completada: Se obtuvieron {} atletas
2025-01-15 18:13:01 INFO  [http-nio-8080-exec-6] c.e.A.controller.AthleteController - Iniciando operación para obtener todos los atletas
2025-01-15 18:13:01 INFO  [http-nio-8080-exec-6] c.e.Apitrain.service.AthleteService - Obteniendo todos los atletas de la base de datos
2025-01-15 18:13:01 INFO  [http-nio-8080-exec-6] c.e.Apitrain.service.AthleteService - Se obtuvieron {} atletas
2025-01-15 18:13:01 INFO  [http-nio-8080-exec-6] c.e.A.controller.AthleteController - Operación completada: Se obtuvieron {} atletas
2025-01-15 18:13:03 INFO  [http-nio-8080-exec-9] c.e.A.controller.AthleteController - Iniciando operación para obtener todos los atletas
2025-01-15 18:13:03 INFO  [http-nio-8080-exec-9] c.e.Apitrain.service.AthleteService - Obteniendo todos los atletas de la base de datos
2025-01-15 18:13:03 INFO  [http-nio-8080-exec-9] c.e.Apitrain.service.AthleteService - Se obtuvieron {} atletas
2025-01-15 18:13:03 INFO  [http-nio-8080-exec-9] c.e.A.controller.AthleteController - Operación completada: Se obtuvieron {} atletas
2025-01-15 18:13:08 INFO  [http-nio-8080-exec-10] c.e.A.controller.AthleteController - Iniciando operación para obtener todos los atletas
2025-01-15 18:13:08 INFO  [http-nio-8080-exec-10] c.e.Apitrain.service.AthleteService - Obteniendo todos los atletas de la base de datos
2025-01-15 18:13:08 INFO  [http-nio-8080-exec-10] c.e.Apitrain.service.AthleteService - Se obtuvieron {} atletas
2025-01-15 18:13:08 INFO  [http-nio-8080-exec-10] c.e.A.controller.AthleteController - Operación completada: Se obtuvieron {} atletas
2025-01-15 18:13:11 INFO  [http-nio-8080-exec-3] c.e.A.controller.AthleteController - Iniciando operación para obtener todos los atletas
2025-01-15 18:13:11 INFO  [http-nio-8080-exec-3] c.e.Apitrain.service.AthleteService - Obteniendo todos los atletas de la base de datos
2025-01-15 18:13:11 INFO  [http-nio-8080-exec-3] c.e.Apitrain.service.AthleteService - Se obtuvieron {} atletas
2025-01-15 18:13:11 INFO  [http-nio-8080-exec-3] c.e.A.controller.AthleteController - Operación completada: Se obtuvieron {} atletas
2025-01-15 18:13:12 INFO  [http-nio-8080-exec-1] c.e.A.controller.AthleteController - Iniciando operación para obtener todos los atletas
2025-01-15 18:13:12 INFO  [http-nio-8080-exec-1] c.e.Apitrain.service.AthleteService - Obteniendo todos los atletas de la base de datos
2025-01-15 18:13:12 INFO  [http-nio-8080-exec-1] c.e.Apitrain.service.AthleteService - Se obtuvieron {} atletas
2025-01-15 18:13:12 INFO  [http-nio-8080-exec-1] c.e.A.controller.AthleteController - Operación completada: Se obtuvieron {} atletas
2025-01-15 18:13:13 INFO  [http-nio-8080-exec-4] c.e.A.controller.AthleteController - Iniciando operación para obtener todos los atletas
2025-01-15 18:13:13 INFO  [http-nio-8080-exec-4] c.e.Apitrain.service.AthleteService - Obteniendo todos los atletas de la base de datos
2025-01-15 18:13:13 INFO  [http-nio-8080-exec-4] c.e.Apitrain.service.AthleteService - Se obtuvieron {} atletas
2025-01-15 18:13:13 INFO  [http-nio-8080-exec-4] c.e.A.controller.AthleteController - Operación completada: Se obtuvieron {} atletas
2025-01-15 18:13:14 INFO  [http-nio-8080-exec-5] c.e.A.controller.AthleteController - Iniciando operación para obtener todos los atletas
2025-01-15 18:13:14 INFO  [http-nio-8080-exec-5] c.e.Apitrain.service.AthleteService - Obteniendo todos los atletas de la base de datos
2025-01-15 18:13:14 INFO  [http-nio-8080-exec-5] c.e.Apitrain.service.AthleteService - Se obtuvieron {} atletas
2025-01-15 18:13:14 INFO  [http-nio-8080-exec-5] c.e.A.controller.AthleteController - Operación completada: Se obtuvieron {} atletas
2025-01-15 18:13:15 INFO  [http-nio-8080-exec-8] c.e.A.controller.AthleteController - Iniciando operación para obtener todos los atletas
2025-01-15 18:13:15 INFO  [http-nio-8080-exec-8] c.e.Apitrain.service.AthleteService - Obteniendo todos los atletas de la base de datos
2025-01-15 18:13:15 INFO  [http-nio-8080-exec-8] c.e.Apitrain.service.AthleteService - Se obtuvieron {} atletas
2025-01-15 18:13:15 INFO  [http-nio-8080-exec-8] c.e.A.controller.AthleteController - Operación completada: Se obtuvieron {} atletas
2025-01-15 18:13:17 INFO  [http-nio-8080-exec-6] c.e.A.controller.AthleteController - Iniciando operación para obtener todos los atletas
2025-01-15 18:13:17 INFO  [http-nio-8080-exec-6] c.e.Apitrain.service.AthleteService - Obteniendo todos los atletas de la base de datos
2025-01-15 18:13:17 INFO  [http-nio-8080-exec-6] c.e.Apitrain.service.AthleteService - Se obtuvieron {} atletas
2025-01-15 18:13:17 INFO  [http-nio-8080-exec-6] c.e.A.controller.AthleteController - Operación completada: Se obtuvieron {} atletas
2025-01-15 18:13:18 INFO  [http-nio-8080-exec-9] c.e.A.controller.AthleteController - Iniciando operación para obtener el atleta con ID {}
2025-01-15 18:13:18 INFO  [http-nio-8080-exec-9] c.e.Apitrain.service.AthleteService - Buscando atleta con ID {}
2025-01-15 18:13:18 INFO  [http-nio-8080-exec-9] c.e.A.controller.AthleteController - Operación completada: Atleta obtenido con ID {}
2025-01-15 18:13:22 INFO  [http-nio-8080-exec-2] c.e.A.controller.AthleteController - Iniciando operación para obtener todos los atletas
2025-01-15 18:13:22 INFO  [http-nio-8080-exec-2] c.e.Apitrain.service.AthleteService - Obteniendo todos los atletas de la base de datos
2025-01-15 18:13:22 INFO  [http-nio-8080-exec-2] c.e.Apitrain.service.AthleteService - Se obtuvieron {} atletas
2025-01-15 18:13:22 INFO  [http-nio-8080-exec-2] c.e.A.controller.AthleteController - Operación completada: Se obtuvieron {} atletas
2025-01-15 18:13:24 INFO  [http-nio-8080-exec-7] c.e.A.controller.AthleteController - Iniciando operación para obtener todos los atletas
2025-01-15 18:13:24 INFO  [http-nio-8080-exec-7] c.e.Apitrain.service.AthleteService - Obteniendo todos los atletas de la base de datos
2025-01-15 18:13:24 INFO  [http-nio-8080-exec-7] c.e.Apitrain.service.AthleteService - Se obtuvieron {} atletas
2025-01-15 18:13:24 INFO  [http-nio-8080-exec-7] c.e.A.controller.AthleteController - Operación completada: Se obtuvieron {} atletas
2025-01-15 18:13:25 INFO  [http-nio-8080-exec-10] c.e.A.controller.AthleteController - Iniciando operación para obtener todos los atletas
2025-01-15 18:13:25 INFO  [http-nio-8080-exec-10] c.e.Apitrain.service.AthleteService - Obteniendo todos los atletas de la base de datos
2025-01-15 18:13:25 INFO  [http-nio-8080-exec-10] c.e.Apitrain.service.AthleteService - Se obtuvieron {} atletas
2025-01-15 18:13:25 INFO  [http-nio-8080-exec-10] c.e.A.controller.AthleteController - Operación completada: Se obtuvieron {} atletas
2025-01-15 18:13:28 INFO  [http-nio-8080-exec-3] c.e.A.controller.AthleteController - Iniciando operación para obtener el atleta con ID {}
2025-01-15 18:13:28 INFO  [http-nio-8080-exec-3] c.e.Apitrain.service.AthleteService - Buscando atleta con ID {}
2025-01-15 18:13:28 INFO  [http-nio-8080-exec-3] c.e.A.controller.AthleteController - Operación completada: Atleta obtenido con ID {}
2025-01-15 18:13:30 INFO  [http-nio-8080-exec-1] c.e.A.controller.AthleteController - Iniciando operación para obtener el atleta con ID {}
2025-01-15 18:13:30 INFO  [http-nio-8080-exec-1] c.e.Apitrain.service.AthleteService - Buscando atleta con ID {}
2025-01-15 18:13:30 INFO  [http-nio-8080-exec-1] c.e.A.controller.AthleteController - Operación completada: Atleta obtenido con ID {}
2025-01-15 18:13:34 INFO  [http-nio-8080-exec-4] c.e.A.controller.AthleteController - Iniciando operación para obtener todos los atletas
2025-01-15 18:13:34 INFO  [http-nio-8080-exec-4] c.e.Apitrain.service.AthleteService - Obteniendo todos los atletas de la base de datos
2025-01-15 18:13:34 INFO  [http-nio-8080-exec-4] c.e.Apitrain.service.AthleteService - Se obtuvieron {} atletas
2025-01-15 18:13:34 INFO  [http-nio-8080-exec-4] c.e.A.controller.AthleteController - Operación completada: Se obtuvieron {} atletas
2025-01-15 18:13:35 INFO  [http-nio-8080-exec-5] c.e.A.controller.AthleteController - Iniciando operación para obtener el atleta con ID {}
2025-01-15 18:13:35 INFO  [http-nio-8080-exec-5] c.e.Apitrain.service.AthleteService - Buscando atleta con ID {}
2025-01-15 18:13:35 INFO  [http-nio-8080-exec-5] c.e.A.controller.AthleteController - Operación completada: Atleta obtenido con ID {}
2025-01-15 18:13:37 INFO  [http-nio-8080-exec-8] c.e.A.controller.AthleteController - Iniciando operación para obtener todos los atletas
2025-01-15 18:13:37 INFO  [http-nio-8080-exec-8] c.e.Apitrain.service.AthleteService - Obteniendo todos los atletas de la base de datos
2025-01-15 18:13:37 INFO  [http-nio-8080-exec-8] c.e.Apitrain.service.AthleteService - Se obtuvieron {} atletas
2025-01-15 18:13:37 INFO  [http-nio-8080-exec-8] c.e.A.controller.AthleteController - Operación completada: Se obtuvieron {} atletas
2025-01-15 18:13:38 INFO  [http-nio-8080-exec-6] c.e.A.controller.AthleteController - Iniciando operación para obtener el atleta con ID {}
2025-01-15 18:13:38 INFO  [http-nio-8080-exec-6] c.e.Apitrain.service.AthleteService - Buscando atleta con ID {}
2025-01-15 18:13:38 INFO  [http-nio-8080-exec-6] c.e.A.controller.AthleteController - Operación completada: Atleta obtenido con ID {}
2025-01-15 18:13:39 INFO  [http-nio-8080-exec-9] c.e.A.controller.AthleteController - Iniciando operación para eliminar el atleta con ID {}
2025-01-15 18:13:39 INFO  [http-nio-8080-exec-9] c.e.Apitrain.service.AthleteService - Eliminando el atleta con ID {}
2025-01-15 18:13:39 INFO  [http-nio-8080-exec-9] c.e.A.controller.AthleteController - Operación completada: Atleta eliminado con ID {}
2025-01-15 18:13:39 INFO  [http-nio-8080-exec-2] c.e.A.controller.AthleteController - Iniciando operación para obtener todos los atletas
2025-01-15 18:13:39 INFO  [http-nio-8080-exec-2] c.e.Apitrain.service.AthleteService - Obteniendo todos los atletas de la base de datos
2025-01-15 18:13:39 INFO  [http-nio-8080-exec-2] c.e.Apitrain.service.AthleteService - Se obtuvieron {} atletas
2025-01-15 18:13:39 INFO  [http-nio-8080-exec-2] c.e.A.controller.AthleteController - Operación completada: Se obtuvieron {} atletas
2025-01-15 18:13:41 INFO  [http-nio-8080-exec-7] c.e.A.controller.AthleteController - Iniciando operación para obtener el atleta con ID {}
2025-01-15 18:13:41 INFO  [http-nio-8080-exec-7] c.e.Apitrain.service.AthleteService - Buscando atleta con ID {}
2025-01-15 18:13:41 INFO  [http-nio-8080-exec-7] c.e.A.controller.AthleteController - Operación completada: Atleta obtenido con ID {}
2025-01-15 18:13:43 INFO  [http-nio-8080-exec-10] c.e.A.controller.AthleteController - Iniciando operación para eliminar el atleta con ID {}
2025-01-15 18:13:43 INFO  [http-nio-8080-exec-10] c.e.Apitrain.service.AthleteService - Eliminando el atleta con ID {}
2025-01-15 18:13:43 INFO  [http-nio-8080-exec-10] c.e.A.controller.AthleteController - Operación completada: Atleta eliminado con ID {}
2025-01-15 18:13:43 INFO  [http-nio-8080-exec-3] c.e.A.controller.AthleteController - Iniciando operación para obtener todos los atletas
2025-01-15 18:13:43 INFO  [http-nio-8080-exec-3] c.e.Apitrain.service.AthleteService - Obteniendo todos los atletas de la base de datos
2025-01-15 18:13:43 INFO  [http-nio-8080-exec-3] c.e.Apitrain.service.AthleteService - Se obtuvieron {} atletas
2025-01-15 18:13:43 INFO  [http-nio-8080-exec-3] c.e.A.controller.AthleteController - Operación completada: Se obtuvieron {} atletas
2025-01-15 18:13:45 INFO  [http-nio-8080-exec-1] c.e.A.controller.AthleteController - Iniciando operación para obtener todos los atletas
2025-01-15 18:13:45 INFO  [http-nio-8080-exec-1] c.e.Apitrain.service.AthleteService - Obteniendo todos los atletas de la base de datos
2025-01-15 18:13:45 INFO  [http-nio-8080-exec-1] c.e.Apitrain.service.AthleteService - Se obtuvieron {} atletas
2025-01-15 18:13:45 INFO  [http-nio-8080-exec-1] c.e.A.controller.AthleteController - Operación completada: Se obtuvieron {} atletas
2025-01-15 18:13:47 INFO  [http-nio-8080-exec-4] c.e.A.controller.AthleteController - Iniciando operación para obtener todos los atletas
2025-01-15 18:13:47 INFO  [http-nio-8080-exec-4] c.e.Apitrain.service.AthleteService - Obteniendo todos los atletas de la base de datos
2025-01-15 18:13:47 INFO  [http-nio-8080-exec-4] c.e.Apitrain.service.AthleteService - Se obtuvieron {} atletas
2025-01-15 18:13:47 INFO  [http-nio-8080-exec-4] c.e.A.controller.AthleteController - Operación completada: Se obtuvieron {} atletas
2025-01-15 18:13:48 INFO  [http-nio-8080-exec-5] c.e.A.controller.AthleteController - Iniciando operación para obtener todos los atletas
2025-01-15 18:13:48 INFO  [http-nio-8080-exec-5] c.e.Apitrain.service.AthleteService - Obteniendo todos los atletas de la base de datos
2025-01-15 18:13:48 INFO  [http-nio-8080-exec-5] c.e.Apitrain.service.AthleteService - Se obtuvieron {} atletas
2025-01-15 18:13:48 INFO  [http-nio-8080-exec-5] c.e.A.controller.AthleteController - Operación completada: Se obtuvieron {} atletas
2025-01-15 18:13:49 INFO  [http-nio-8080-exec-8] c.e.A.controller.AthleteController - Iniciando operación para obtener todos los atletas
2025-01-15 18:13:49 INFO  [http-nio-8080-exec-8] c.e.Apitrain.service.AthleteService - Obteniendo todos los atletas de la base de datos
2025-01-15 18:13:49 INFO  [http-nio-8080-exec-8] c.e.Apitrain.service.AthleteService - Se obtuvieron {} atletas
2025-01-15 18:13:49 INFO  [http-nio-8080-exec-8] c.e.A.controller.AthleteController - Operación completada: Se obtuvieron {} atletas
2025-01-15 18:13:49 INFO  [http-nio-8080-exec-6] c.e.A.controller.AthleteController - Iniciando operación para obtener todos los atletas
2025-01-15 18:13:49 INFO  [http-nio-8080-exec-6] c.e.Apitrain.service.AthleteService - Obteniendo todos los atletas de la base de datos
2025-01-15 18:13:49 INFO  [http-nio-8080-exec-6] c.e.Apitrain.service.AthleteService - Se obtuvieron {} atletas
2025-01-15 18:13:49 INFO  [http-nio-8080-exec-6] c.e.A.controller.AthleteController - Operación completada: Se obtuvieron {} atletas
2025-01-15 18:13:52 INFO  [http-nio-8080-exec-9] c.e.A.controller.AthleteController - Iniciando operación para obtener todos los atletas
2025-01-15 18:13:52 INFO  [http-nio-8080-exec-9] c.e.Apitrain.service.AthleteService - Obteniendo todos los atletas de la base de datos
2025-01-15 18:13:52 INFO  [http-nio-8080-exec-9] c.e.Apitrain.service.AthleteService - Se obtuvieron {} atletas
2025-01-15 18:13:52 INFO  [http-nio-8080-exec-9] c.e.A.controller.AthleteController - Operación completada: Se obtuvieron {} atletas
2025-01-15 18:13:54 INFO  [http-nio-8080-exec-2] c.e.A.controller.TrainingController - Iniciando operación para obtener todos los entrenamientos
2025-01-15 18:13:54 INFO  [http-nio-8080-exec-2] c.e.Apitrain.service.TrainingService - Obteniendo todos los entrenamientos de la base de datos
2025-01-15 18:13:54 INFO  [http-nio-8080-exec-2] c.e.Apitrain.service.TrainingService - Se obtuvieron 15 entrenamientos
2025-01-15 18:13:54 INFO  [http-nio-8080-exec-2] c.e.A.controller.TrainingController - Operación completada: Se obtuvieron 15 entrenamientos
2025-01-15 18:13:55 INFO  [http-nio-8080-exec-7] c.e.A.controller.TrainingController - Iniciando operación para obtener todos los entrenamientos
2025-01-15 18:13:55 INFO  [http-nio-8080-exec-7] c.e.Apitrain.service.TrainingService - Obteniendo todos los entrenamientos de la base de datos
2025-01-15 18:13:55 INFO  [http-nio-8080-exec-7] c.e.Apitrain.service.TrainingService - Se obtuvieron 15 entrenamientos
2025-01-15 18:13:55 INFO  [http-nio-8080-exec-7] c.e.A.controller.TrainingController - Operación completada: Se obtuvieron 15 entrenamientos
2025-01-15 18:13:57 INFO  [http-nio-8080-exec-10] c.e.A.controller.TrainingController - Iniciando operación para obtener todos los entrenamientos
2025-01-15 18:13:57 INFO  [http-nio-8080-exec-10] c.e.Apitrain.service.TrainingService - Obteniendo todos los entrenamientos de la base de datos
2025-01-15 18:13:57 INFO  [http-nio-8080-exec-10] c.e.Apitrain.service.TrainingService - Se obtuvieron 15 entrenamientos
2025-01-15 18:13:57 INFO  [http-nio-8080-exec-10] c.e.A.controller.TrainingController - Operación completada: Se obtuvieron 15 entrenamientos
2025-01-15 18:14:01 INFO  [http-nio-8080-exec-3] c.e.A.controller.TrainingController - Iniciando operación para obtener todos los entrenamientos
2025-01-15 18:14:01 INFO  [http-nio-8080-exec-3] c.e.Apitrain.service.TrainingService - Obteniendo todos los entrenamientos de la base de datos
2025-01-15 18:14:01 INFO  [http-nio-8080-exec-3] c.e.Apitrain.service.TrainingService - Se obtuvieron 15 entrenamientos
2025-01-15 18:14:01 INFO  [http-nio-8080-exec-3] c.e.A.controller.TrainingController - Operación completada: Se obtuvieron 15 entrenamientos
2025-01-15 18:14:02 INFO  [http-nio-8080-exec-1] c.e.A.controller.TrainingController - Iniciando operación para obtener todos los entrenamientos
2025-01-15 18:14:02 INFO  [http-nio-8080-exec-1] c.e.Apitrain.service.TrainingService - Obteniendo todos los entrenamientos de la base de datos
2025-01-15 18:14:02 INFO  [http-nio-8080-exec-1] c.e.Apitrain.service.TrainingService - Se obtuvieron 15 entrenamientos
2025-01-15 18:14:02 INFO  [http-nio-8080-exec-1] c.e.A.controller.TrainingController - Operación completada: Se obtuvieron 15 entrenamientos
2025-01-15 18:14:04 INFO  [http-nio-8080-exec-4] c.e.A.controller.TrainingController - Iniciando operación para obtener todos los entrenamientos
2025-01-15 18:14:04 INFO  [http-nio-8080-exec-4] c.e.Apitrain.service.TrainingService - Obteniendo todos los entrenamientos de la base de datos
2025-01-15 18:14:04 INFO  [http-nio-8080-exec-4] c.e.Apitrain.service.TrainingService - Se obtuvieron 15 entrenamientos
2025-01-15 18:14:04 INFO  [http-nio-8080-exec-4] c.e.A.controller.TrainingController - Operación completada: Se obtuvieron 15 entrenamientos
2025-01-15 18:14:08 INFO  [http-nio-8080-exec-5] c.e.A.controller.TrainingController - Iniciando operación para obtener todos los entrenamientos
2025-01-15 18:14:08 INFO  [http-nio-8080-exec-5] c.e.Apitrain.service.TrainingService - Obteniendo todos los entrenamientos de la base de datos
2025-01-15 18:14:08 INFO  [http-nio-8080-exec-5] c.e.Apitrain.service.TrainingService - Se obtuvieron 15 entrenamientos
2025-01-15 18:14:08 INFO  [http-nio-8080-exec-5] c.e.A.controller.TrainingController - Operación completada: Se obtuvieron 15 entrenamientos
2025-01-15 18:14:09 INFO  [http-nio-8080-exec-6] c.e.A.controller.AthleteController - Iniciando operación para obtener todos los atletas
2025-01-15 18:14:09 INFO  [http-nio-8080-exec-6] c.e.Apitrain.service.AthleteService - Obteniendo todos los atletas de la base de datos
2025-01-15 18:14:09 INFO  [http-nio-8080-exec-6] c.e.Apitrain.service.AthleteService - Se obtuvieron {} atletas
2025-01-15 18:14:09 INFO  [http-nio-8080-exec-6] c.e.A.controller.AthleteController - Operación completada: Se obtuvieron {} atletas
2025-01-15 18:14:13 INFO  [http-nio-8080-exec-2] c.e.A.controller.AthleteController - Iniciando operación para obtener todos los atletas
2025-01-15 18:14:13 INFO  [http-nio-8080-exec-2] c.e.Apitrain.service.AthleteService - Obteniendo todos los atletas de la base de datos
2025-01-15 18:14:13 INFO  [http-nio-8080-exec-2] c.e.Apitrain.service.AthleteService - Se obtuvieron {} atletas
2025-01-15 18:14:13 INFO  [http-nio-8080-exec-2] c.e.A.controller.AthleteController - Operación completada: Se obtuvieron {} atletas
2025-01-15 18:14:30 INFO  [http-nio-8080-exec-7] c.e.A.controller.AthleteController - Iniciando operación para obtener todos los atletas
2025-01-15 18:14:30 INFO  [http-nio-8080-exec-7] c.e.Apitrain.service.AthleteService - Obteniendo todos los atletas de la base de datos
2025-01-15 18:14:30 INFO  [http-nio-8080-exec-7] c.e.Apitrain.service.AthleteService - Se obtuvieron {} atletas
2025-01-15 18:14:30 INFO  [http-nio-8080-exec-7] c.e.A.controller.AthleteController - Operación completada: Se obtuvieron {} atletas
