2025-01-12 18:45:32 INFO  [background-preinit] o.h.validator.internal.util.Version - HV000001: Hibernate Validator 8.0.1.Final
2025-01-12 18:45:32 INFO  [main] c.e.Apitrain.ApitrainApplication - Starting ApitrainApplication using Java 21 with PID 41276 (C:\Users\Portatil\Documents\Grado superior\Segundo\Acceso a Datos\Apitrain\target\classes started by Portatil in C:\Users\Portatil\Documents\Grado superior\Segundo\Acceso a Datos\Apitrain)
2025-01-12 18:45:32 INFO  [main] c.e.Apitrain.ApitrainApplication - No active profile set, falling back to 1 default profile: "default"
2025-01-12 18:45:33 INFO  [main] o.s.d.r.c.RepositoryConfigurationDelegate - Bootstrapping Spring Data JPA repositories in DEFAULT mode.
2025-01-12 18:45:33 INFO  [main] o.s.d.r.c.RepositoryConfigurationDelegate - Finished Spring Data repository scanning in 66 ms. Found 5 JPA repository interfaces.
2025-01-12 18:45:33 INFO  [main] o.s.b.w.e.tomcat.TomcatWebServer - Tomcat initialized with port 8080 (http)
2025-01-12 18:45:33 INFO  [main] o.a.coyote.http11.Http11NioProtocol - Initializing ProtocolHandler ["http-nio-8080"]
2025-01-12 18:45:33 INFO  [main] o.a.catalina.core.StandardService - Starting service [Tomcat]
2025-01-12 18:45:33 INFO  [main] o.a.catalina.core.StandardEngine - Starting Servlet engine: [Apache Tomcat/10.1.31]
2025-01-12 18:45:33 INFO  [main] o.a.c.c.C.[Tomcat].[localhost].[/] - Initializing Spring embedded WebApplicationContext
2025-01-12 18:45:33 INFO  [main] o.s.b.w.s.c.ServletWebServerApplicationContext - Root WebApplicationContext: initialization completed in 1480 ms
2025-01-12 18:45:33 INFO  [main] com.zaxxer.hikari.HikariDataSource - HikariPool-1 - Starting...
2025-01-12 18:45:34 INFO  [main] com.zaxxer.hikari.pool.HikariPool - HikariPool-1 - Added connection conn0: url=jdbc:h2:file:~/trainingapi_db user=SA
2025-01-12 18:45:34 INFO  [main] com.zaxxer.hikari.HikariDataSource - HikariPool-1 - Start completed.
2025-01-12 18:45:34 INFO  [main] o.s.b.a.h.H2ConsoleAutoConfiguration - H2 console available at '/h2-console'. Database available at 'jdbc:h2:file:~/trainingapi_db'
2025-01-12 18:45:34 INFO  [main] o.h.jpa.internal.util.LogHelper - HHH000204: Processing PersistenceUnitInfo [name: default]
2025-01-12 18:45:34 INFO  [main] org.hibernate.Version - HHH000412: Hibernate ORM core version 6.5.3.Final
2025-01-12 18:45:34 INFO  [main] o.h.c.i.RegionFactoryInitiator - HHH000026: Second-level cache disabled
2025-01-12 18:45:34 INFO  [main] o.s.o.j.p.SpringPersistenceUnitInfo - No LoadTimeWeaver setup: ignoring JPA class transformer
2025-01-12 18:45:36 INFO  [main] o.h.e.t.j.p.i.JtaPlatformInitiator - HHH000489: No JTA platform available (set 'hibernate.transaction.jta.platform' to enable JTA platform integration)
2025-01-12 18:45:36 INFO  [main] o.s.o.j.LocalContainerEntityManagerFactoryBean - Initialized JPA EntityManagerFactory for persistence unit 'default'
2025-01-12 18:45:36 WARN  [main] o.s.b.w.s.c.AnnotationConfigServletWebServerApplicationContext - Exception encountered during context initialization - cancelling refresh attempt: org.springframework.beans.factory.BeanCreationException: Error creating bean with name 'athleteController' defined in file [C:\Users\Portatil\Documents\Grado superior\Segundo\Acceso a Datos\Apitrain\target\classes\com\example\Apitrain\controller\AthleteController.class]: null
2025-01-12 18:45:36 INFO  [main] o.s.o.j.LocalContainerEntityManagerFactoryBean - Closing JPA EntityManagerFactory for persistence unit 'default'
2025-01-12 18:45:36 INFO  [main] com.zaxxer.hikari.HikariDataSource - HikariPool-1 - Shutdown initiated...
2025-01-12 18:45:36 INFO  [main] com.zaxxer.hikari.HikariDataSource - HikariPool-1 - Shutdown completed.
2025-01-12 18:45:36 INFO  [main] o.a.catalina.core.StandardService - Stopping service [Tomcat]
2025-01-12 18:45:36 INFO  [main] o.s.b.a.l.ConditionEvaluationReportLogger - 

Error starting ApplicationContext. To display the condition evaluation report re-run your application with 'debug' enabled.
2025-01-12 18:45:36 ERROR [main] o.s.boot.SpringApplication - Application run failed
org.springframework.beans.factory.BeanCreationException: Error creating bean with name 'athleteController' defined in file [C:\Users\Portatil\Documents\Grado superior\Segundo\Acceso a Datos\Apitrain\target\classes\com\example\Apitrain\controller\AthleteController.class]: null
	at org.springframework.beans.factory.support.AbstractAutowireCapableBeanFactory.instantiateBean(AbstractAutowireCapableBeanFactory.java:1337)
	at org.springframework.beans.factory.support.AbstractAutowireCapableBeanFactory.createBeanInstance(AbstractAutowireCapableBeanFactory.java:1222)
	at org.springframework.beans.factory.support.AbstractAutowireCapableBeanFactory.doCreateBean(AbstractAutowireCapableBeanFactory.java:562)
	at org.springframework.beans.factory.support.AbstractAutowireCapableBeanFactory.createBean(AbstractAutowireCapableBeanFactory.java:522)
	at org.springframework.beans.factory.support.AbstractBeanFactory.lambda$doGetBean$0(AbstractBeanFactory.java:337)
	at org.springframework.beans.factory.support.DefaultSingletonBeanRegistry.getSingleton(DefaultSingletonBeanRegistry.java:234)
	at org.springframework.beans.factory.support.AbstractBeanFactory.doGetBean(AbstractBeanFactory.java:335)
	at org.springframework.beans.factory.support.AbstractBeanFactory.getBean(AbstractBeanFactory.java:200)
	at org.springframework.beans.factory.support.DefaultListableBeanFactory.preInstantiateSingletons(DefaultListableBeanFactory.java:975)
	at org.springframework.context.support.AbstractApplicationContext.finishBeanFactoryInitialization(AbstractApplicationContext.java:971)
	at org.springframework.context.support.AbstractApplicationContext.refresh(AbstractApplicationContext.java:625)
	at org.springframework.boot.web.servlet.context.ServletWebServerApplicationContext.refresh(ServletWebServerApplicationContext.java:146)
	at org.springframework.boot.SpringApplication.refresh(SpringApplication.java:754)
	at org.springframework.boot.SpringApplication.refreshContext(SpringApplication.java:456)
	at org.springframework.boot.SpringApplication.run(SpringApplication.java:335)
	at org.springframework.boot.SpringApplication.run(SpringApplication.java:1363)
	at org.springframework.boot.SpringApplication.run(SpringApplication.java:1352)
	at com.example.Apitrain.ApitrainApplication.main(ApitrainApplication.java:10)
Caused by: java.lang.ExceptionInInitializerError: null
	at java.base/jdk.internal.misc.Unsafe.ensureClassInitialized0(Native Method)
	at java.base/jdk.internal.misc.Unsafe.ensureClassInitialized(Unsafe.java:1160)
	at java.base/jdk.internal.reflect.MethodHandleAccessorFactory.ensureClassInitialized(MethodHandleAccessorFactory.java:300)
	at java.base/jdk.internal.reflect.MethodHandleAccessorFactory.newConstructorAccessor(MethodHandleAccessorFactory.java:103)
	at java.base/jdk.internal.reflect.ReflectionFactory.newConstructorAccessor(ReflectionFactory.java:200)
	at java.base/java.lang.reflect.Constructor.acquireConstructorAccessor(Constructor.java:549)
	at java.base/java.lang.reflect.Constructor.newInstanceWithCaller(Constructor.java:499)
	at java.base/java.lang.reflect.Constructor.newInstance(Constructor.java:486)
	at org.springframework.beans.BeanUtils.instantiateClass(BeanUtils.java:195)
	at org.springframework.beans.factory.support.SimpleInstantiationStrategy.instantiate(SimpleInstantiationStrategy.java:94)
	at org.springframework.beans.factory.support.AbstractAutowireCapableBeanFactory.instantiateBean(AbstractAutowireCapableBeanFactory.java:1331)
	... 17 common frames omitted
Caused by: java.lang.ClassCastException: class ch.qos.logback.classic.Logger cannot be cast to class java.util.logging.Logger (ch.qos.logback.classic.Logger is in unnamed module of loader 'app'; java.util.logging.Logger is in module java.logging of loader 'bootstrap')
	at com.example.Apitrain.controller.AthleteController.<clinit>(AthleteController.java:19)
	... 28 common frames omitted
2025-01-12 18:46:52 INFO  [background-preinit] o.h.validator.internal.util.Version - HV000001: Hibernate Validator 8.0.1.Final
2025-01-12 18:46:52 INFO  [main] c.e.Apitrain.ApitrainApplication - Starting ApitrainApplication using Java 21 with PID 40776 (C:\Users\Portatil\Documents\Grado superior\Segundo\Acceso a Datos\Apitrain\target\classes started by Portatil in C:\Users\Portatil\Documents\Grado superior\Segundo\Acceso a Datos\Apitrain)
2025-01-12 18:46:52 INFO  [main] c.e.Apitrain.ApitrainApplication - No active profile set, falling back to 1 default profile: "default"
2025-01-12 18:46:52 INFO  [main] o.s.d.r.c.RepositoryConfigurationDelegate - Bootstrapping Spring Data JPA repositories in DEFAULT mode.
2025-01-12 18:46:52 INFO  [main] o.s.d.r.c.RepositoryConfigurationDelegate - Finished Spring Data repository scanning in 64 ms. Found 5 JPA repository interfaces.
2025-01-12 18:46:53 INFO  [main] o.s.b.w.e.tomcat.TomcatWebServer - Tomcat initialized with port 8080 (http)
2025-01-12 18:46:53 INFO  [main] o.a.coyote.http11.Http11NioProtocol - Initializing ProtocolHandler ["http-nio-8080"]
2025-01-12 18:46:53 INFO  [main] o.a.catalina.core.StandardService - Starting service [Tomcat]
2025-01-12 18:46:53 INFO  [main] o.a.catalina.core.StandardEngine - Starting Servlet engine: [Apache Tomcat/10.1.31]
2025-01-12 18:46:53 INFO  [main] o.a.c.c.C.[Tomcat].[localhost].[/] - Initializing Spring embedded WebApplicationContext
2025-01-12 18:46:53 INFO  [main] o.s.b.w.s.c.ServletWebServerApplicationContext - Root WebApplicationContext: initialization completed in 1417 ms
2025-01-12 18:46:53 INFO  [main] com.zaxxer.hikari.HikariDataSource - HikariPool-1 - Starting...
2025-01-12 18:46:53 INFO  [main] com.zaxxer.hikari.pool.HikariPool - HikariPool-1 - Added connection conn0: url=jdbc:h2:file:~/trainingapi_db user=SA
2025-01-12 18:46:53 INFO  [main] com.zaxxer.hikari.HikariDataSource - HikariPool-1 - Start completed.
2025-01-12 18:46:53 INFO  [main] o.s.b.a.h.H2ConsoleAutoConfiguration - H2 console available at '/h2-console'. Database available at 'jdbc:h2:file:~/trainingapi_db'
2025-01-12 18:46:54 INFO  [main] o.h.jpa.internal.util.LogHelper - HHH000204: Processing PersistenceUnitInfo [name: default]
2025-01-12 18:46:54 INFO  [main] org.hibernate.Version - HHH000412: Hibernate ORM core version 6.5.3.Final
2025-01-12 18:46:54 INFO  [main] o.h.c.i.RegionFactoryInitiator - HHH000026: Second-level cache disabled
2025-01-12 18:46:54 INFO  [main] o.s.o.j.p.SpringPersistenceUnitInfo - No LoadTimeWeaver setup: ignoring JPA class transformer
2025-01-12 18:46:55 INFO  [main] o.h.e.t.j.p.i.JtaPlatformInitiator - HHH000489: No JTA platform available (set 'hibernate.transaction.jta.platform' to enable JTA platform integration)
2025-01-12 18:46:55 INFO  [main] o.s.o.j.LocalContainerEntityManagerFactoryBean - Initialized JPA EntityManagerFactory for persistence unit 'default'
2025-01-12 18:46:55 WARN  [main] o.s.b.a.o.j.JpaBaseConfiguration$JpaWebConfiguration - spring.jpa.open-in-view is enabled by default. Therefore, database queries may be performed during view rendering. Explicitly configure spring.jpa.open-in-view to disable this warning
2025-01-12 18:46:56 INFO  [main] o.a.coyote.http11.Http11NioProtocol - Starting ProtocolHandler ["http-nio-8080"]
2025-01-12 18:46:56 INFO  [main] o.s.b.w.e.tomcat.TomcatWebServer - Tomcat started on port 8080 (http) with context path '/'
2025-01-12 18:46:56 INFO  [main] c.e.Apitrain.ApitrainApplication - Started ApitrainApplication in 4.924 seconds (process running for 5.309)
2025-01-12 18:47:24 INFO  [http-nio-8080-exec-1] o.a.c.c.C.[Tomcat].[localhost].[/] - Initializing Spring DispatcherServlet 'dispatcherServlet'
2025-01-12 18:47:24 INFO  [http-nio-8080-exec-1] o.s.web.servlet.DispatcherServlet - Initializing Servlet 'dispatcherServlet'
2025-01-12 18:47:24 INFO  [http-nio-8080-exec-1] o.s.web.servlet.DispatcherServlet - Completed initialization in 2 ms
2025-01-12 18:47:36 INFO  [http-nio-8080-exec-3] c.e.A.controller.AthleteController - Iniciando operación para obtener todos los atletas
2025-01-12 18:47:36 INFO  [http-nio-8080-exec-3] c.e.Apitrain.service.AthleteService - Obteniendo todos los atletas de la base de datos
2025-01-12 18:47:37 INFO  [http-nio-8080-exec-3] c.e.Apitrain.service.AthleteService - Se obtuvieron {} atletas
2025-01-12 18:47:37 INFO  [http-nio-8080-exec-3] c.e.A.controller.AthleteController - Operación completada: Se obtuvieron {} atletas
2025-01-12 18:47:49 INFO  [http-nio-8080-exec-7] c.e.A.controller.AthleteController - Iniciando operación para crear un atleta
2025-01-12 18:47:49 INFO  [http-nio-8080-exec-7] c.e.Apitrain.service.AthleteService - Guardando un nuevo atleta en la base de datos
2025-01-12 18:47:49 INFO  [http-nio-8080-exec-7] c.e.A.controller.AthleteController - Atleta creado con éxito: ID {}
2025-01-12 18:47:55 INFO  [http-nio-8080-exec-9] c.e.A.controller.AthleteController - Iniciando operación de filtrado con parámetros: nombre={}, categoría={}, edad>={}
2025-01-12 18:47:55 INFO  [http-nio-8080-exec-9] c.e.Apitrain.service.AthleteService - Filtrando atletas con parámetros: nombre={}, categoría={}, edad>={}
2025-01-12 18:47:55 INFO  [http-nio-8080-exec-9] c.e.A.controller.AthleteController - Operación completada: Se obtuvieron {} atletas filtrados
2025-01-12 18:48:05 INFO  [http-nio-8080-exec-5] c.e.A.controller.AthleteController - Iniciando operación para actualizar el atleta con ID {}
2025-01-12 18:48:05 INFO  [http-nio-8080-exec-5] c.e.Apitrain.service.AthleteService - Actualizando el atleta con ID {}
2025-01-12 18:48:05 INFO  [http-nio-8080-exec-5] c.e.Apitrain.service.AthleteService - Buscando atleta con ID {}
2025-01-12 18:48:05 INFO  [http-nio-8080-exec-5] c.e.A.controller.AthleteController - Operación completada: Atleta actualizado con ID {}
2025-01-12 18:48:17 INFO  [http-nio-8080-exec-8] c.e.A.controller.AthleteController - Iniciando operación de actualización parcial para el atleta con ID {}
2025-01-12 18:48:17 INFO  [http-nio-8080-exec-8] c.e.Apitrain.service.AthleteService - Actualizando parcialmente el atleta con ID {}
2025-01-12 18:48:17 INFO  [http-nio-8080-exec-8] c.e.A.controller.AthleteController - Operación completada: Atleta actualizado parcialmente con ID {}
2025-01-12 18:53:32 INFO  [SpringApplicationShutdownHook] o.s.o.j.LocalContainerEntityManagerFactoryBean - Closing JPA EntityManagerFactory for persistence unit 'default'
2025-01-12 18:53:32 INFO  [SpringApplicationShutdownHook] com.zaxxer.hikari.HikariDataSource - HikariPool-1 - Shutdown initiated...
2025-01-12 18:53:32 INFO  [SpringApplicationShutdownHook] com.zaxxer.hikari.HikariDataSource - HikariPool-1 - Shutdown completed.
2025-01-12 18:53:47 INFO  [background-preinit] o.h.validator.internal.util.Version - HV000001: Hibernate Validator 8.0.1.Final
2025-01-12 18:53:47 INFO  [main] c.e.Apitrain.ApitrainApplication - Starting ApitrainApplication using Java 21 with PID 33652 (C:\Users\Portatil\Documents\Grado superior\Segundo\Acceso a Datos\Apitrain\target\classes started by Portatil in C:\Users\Portatil\Documents\Grado superior\Segundo\Acceso a Datos\Apitrain)
2025-01-12 18:53:47 INFO  [main] c.e.Apitrain.ApitrainApplication - No active profile set, falling back to 1 default profile: "default"
2025-01-12 18:53:48 INFO  [main] o.s.d.r.c.RepositoryConfigurationDelegate - Bootstrapping Spring Data JPA repositories in DEFAULT mode.
2025-01-12 18:53:49 INFO  [main] o.s.d.r.c.RepositoryConfigurationDelegate - Finished Spring Data repository scanning in 183 ms. Found 5 JPA repository interfaces.
2025-01-12 18:53:49 INFO  [main] o.s.b.w.e.tomcat.TomcatWebServer - Tomcat initialized with port 8080 (http)
2025-01-12 18:53:49 INFO  [main] o.a.coyote.http11.Http11NioProtocol - Initializing ProtocolHandler ["http-nio-8080"]
2025-01-12 18:53:49 INFO  [main] o.a.catalina.core.StandardService - Starting service [Tomcat]
2025-01-12 18:53:49 INFO  [main] o.a.catalina.core.StandardEngine - Starting Servlet engine: [Apache Tomcat/10.1.31]
2025-01-12 18:53:50 INFO  [main] o.a.c.c.C.[Tomcat].[localhost].[/] - Initializing Spring embedded WebApplicationContext
2025-01-12 18:53:50 INFO  [main] o.s.b.w.s.c.ServletWebServerApplicationContext - Root WebApplicationContext: initialization completed in 2183 ms
2025-01-12 18:53:50 INFO  [main] com.zaxxer.hikari.HikariDataSource - HikariPool-1 - Starting...
2025-01-12 18:53:50 INFO  [main] com.zaxxer.hikari.pool.HikariPool - HikariPool-1 - Added connection conn0: url=jdbc:h2:file:~/trainingapi_db user=SA
2025-01-12 18:53:50 INFO  [main] com.zaxxer.hikari.HikariDataSource - HikariPool-1 - Start completed.
2025-01-12 18:53:50 INFO  [main] o.s.b.a.h.H2ConsoleAutoConfiguration - H2 console available at '/h2-console'. Database available at 'jdbc:h2:file:~/trainingapi_db'
2025-01-12 18:53:50 INFO  [main] o.h.jpa.internal.util.LogHelper - HHH000204: Processing PersistenceUnitInfo [name: default]
2025-01-12 18:53:51 INFO  [main] org.hibernate.Version - HHH000412: Hibernate ORM core version 6.5.3.Final
2025-01-12 18:53:51 INFO  [main] o.h.c.i.RegionFactoryInitiator - HHH000026: Second-level cache disabled
2025-01-12 18:53:51 INFO  [main] o.s.o.j.p.SpringPersistenceUnitInfo - No LoadTimeWeaver setup: ignoring JPA class transformer
2025-01-12 18:53:53 INFO  [main] o.h.e.t.j.p.i.JtaPlatformInitiator - HHH000489: No JTA platform available (set 'hibernate.transaction.jta.platform' to enable JTA platform integration)
2025-01-12 18:53:53 INFO  [main] o.s.o.j.LocalContainerEntityManagerFactoryBean - Initialized JPA EntityManagerFactory for persistence unit 'default'
2025-01-12 18:53:53 WARN  [main] o.s.b.a.o.j.JpaBaseConfiguration$JpaWebConfiguration - spring.jpa.open-in-view is enabled by default. Therefore, database queries may be performed during view rendering. Explicitly configure spring.jpa.open-in-view to disable this warning
2025-01-12 18:53:54 INFO  [main] o.a.coyote.http11.Http11NioProtocol - Starting ProtocolHandler ["http-nio-8080"]
2025-01-12 18:53:54 INFO  [main] o.s.b.w.e.tomcat.TomcatWebServer - Tomcat started on port 8080 (http) with context path '/'
2025-01-12 18:53:54 INFO  [main] c.e.Apitrain.ApitrainApplication - Started ApitrainApplication in 7.416 seconds (process running for 7.889)
2025-01-12 18:54:06 INFO  [http-nio-8080-exec-1] o.a.c.c.C.[Tomcat].[localhost].[/] - Initializing Spring DispatcherServlet 'dispatcherServlet'
2025-01-12 18:54:06 INFO  [http-nio-8080-exec-1] o.s.web.servlet.DispatcherServlet - Initializing Servlet 'dispatcherServlet'
2025-01-12 18:54:06 INFO  [http-nio-8080-exec-1] o.s.web.servlet.DispatcherServlet - Completed initialization in 3 ms
2025-01-12 18:54:14 INFO  [http-nio-8080-exec-7] c.e.A.controller.TrainerController - Iniciando operación para crear un entrenador
2025-01-12 18:54:14 INFO  [http-nio-8080-exec-7] c.e.Apitrain.service.TrainerService - Iniciando operación para crear un entrenador
2025-01-12 18:54:15 INFO  [http-nio-8080-exec-7] c.e.Apitrain.service.TrainerService - Entrenador creado con éxito: ID 8
2025-01-12 18:54:15 INFO  [http-nio-8080-exec-7] c.e.A.controller.TrainerController - Entrenador creado con éxito: ID 8
2025-01-12 18:54:23 INFO  [http-nio-8080-exec-8] c.e.A.controller.TrainerController - Iniciando operación para actualizar el entrenador con ID 1
2025-01-12 18:54:23 INFO  [http-nio-8080-exec-8] c.e.Apitrain.service.TrainerService - Iniciando operación para actualizar el entrenador con ID 1
2025-01-12 18:54:23 INFO  [http-nio-8080-exec-8] c.e.Apitrain.service.TrainerService - Buscando entrenador con ID 1
2025-01-12 18:54:23 INFO  [http-nio-8080-exec-8] c.e.Apitrain.service.TrainerService - Entrenador actualizado con éxito: ID 1
2025-01-12 18:54:23 INFO  [http-nio-8080-exec-8] c.e.A.controller.TrainerController - Operación completada: Entrenador actualizado con ID 1
2025-01-12 18:54:31 INFO  [http-nio-8080-exec-3] c.e.A.controller.AthleteController - Iniciando operación para obtener todos los atletas
2025-01-12 18:54:31 INFO  [http-nio-8080-exec-3] c.e.Apitrain.service.AthleteService - Obteniendo todos los atletas de la base de datos
2025-01-12 18:54:31 INFO  [http-nio-8080-exec-3] c.e.Apitrain.service.AthleteService - Se obtuvieron {} atletas
2025-01-12 18:54:31 INFO  [http-nio-8080-exec-3] c.e.A.controller.AthleteController - Operación completada: Se obtuvieron {} atletas
2025-01-12 18:54:38 INFO  [http-nio-8080-exec-9] c.e.A.controller.AthleteController - Iniciando operación para obtener todos los atletas
2025-01-12 18:54:38 INFO  [http-nio-8080-exec-9] c.e.Apitrain.service.AthleteService - Obteniendo todos los atletas de la base de datos
2025-01-12 18:54:38 INFO  [http-nio-8080-exec-9] c.e.Apitrain.service.AthleteService - Se obtuvieron {} atletas
2025-01-12 18:54:38 INFO  [http-nio-8080-exec-9] c.e.A.controller.AthleteController - Operación completada: Se obtuvieron {} atletas
2025-01-12 18:54:39 INFO  [http-nio-8080-exec-10] c.e.A.controller.AthleteController - Iniciando operación para obtener el atleta con ID {}
2025-01-12 18:54:39 INFO  [http-nio-8080-exec-10] c.e.Apitrain.service.AthleteService - Buscando atleta con ID {}
2025-01-12 18:54:39 INFO  [http-nio-8080-exec-10] c.e.A.controller.AthleteController - Operación completada: Atleta obtenido con ID {}
2025-01-12 18:54:40 INFO  [http-nio-8080-exec-5] c.e.A.controller.AthleteController - Iniciando operación para obtener todos los atletas
2025-01-12 18:54:40 INFO  [http-nio-8080-exec-5] c.e.Apitrain.service.AthleteService - Obteniendo todos los atletas de la base de datos
2025-01-12 18:54:40 INFO  [http-nio-8080-exec-5] c.e.Apitrain.service.AthleteService - Se obtuvieron {} atletas
2025-01-12 18:54:40 INFO  [http-nio-8080-exec-5] c.e.A.controller.AthleteController - Operación completada: Se obtuvieron {} atletas
2025-01-12 18:55:01 INFO  [http-nio-8080-exec-3] c.e.A.controller.AthleteController - Iniciando operación para obtener todos los atletas
2025-01-12 18:55:01 INFO  [http-nio-8080-exec-3] c.e.Apitrain.service.AthleteService - Obteniendo todos los atletas de la base de datos
2025-01-12 18:55:01 INFO  [http-nio-8080-exec-3] c.e.Apitrain.service.AthleteService - Se obtuvieron {} atletas
2025-01-12 18:55:01 INFO  [http-nio-8080-exec-3] c.e.A.controller.AthleteController - Operación completada: Se obtuvieron {} atletas
2025-01-12 18:55:02 INFO  [http-nio-8080-exec-10] c.e.A.controller.AthleteController - Iniciando operación para obtener el atleta con ID {}
2025-01-12 18:55:02 INFO  [http-nio-8080-exec-10] c.e.Apitrain.service.AthleteService - Buscando atleta con ID {}
2025-01-12 18:55:02 INFO  [http-nio-8080-exec-10] c.e.A.controller.AthleteController - Operación completada: Atleta obtenido con ID {}
2025-01-12 18:55:03 INFO  [http-nio-8080-exec-9] c.e.A.controller.AthleteController - Iniciando operación para obtener todos los atletas
2025-01-12 18:55:03 INFO  [http-nio-8080-exec-9] c.e.Apitrain.service.AthleteService - Obteniendo todos los atletas de la base de datos
2025-01-12 18:55:03 INFO  [http-nio-8080-exec-9] c.e.Apitrain.service.AthleteService - Se obtuvieron {} atletas
2025-01-12 18:55:03 INFO  [http-nio-8080-exec-9] c.e.A.controller.AthleteController - Operación completada: Se obtuvieron {} atletas
2025-01-12 18:55:04 INFO  [http-nio-8080-exec-11] c.e.A.controller.AthleteController - Iniciando operación para obtener el atleta con ID {}
2025-01-12 18:55:04 INFO  [http-nio-8080-exec-11] c.e.Apitrain.service.AthleteService - Buscando atleta con ID {}
2025-01-12 18:55:04 INFO  [http-nio-8080-exec-11] c.e.A.controller.AthleteController - Operación completada: Atleta obtenido con ID {}
2025-01-12 18:55:09 INFO  [http-nio-8080-exec-5] c.e.A.controller.AthleteController - Iniciando operación para obtener todos los atletas
2025-01-12 18:55:09 INFO  [http-nio-8080-exec-5] c.e.Apitrain.service.AthleteService - Obteniendo todos los atletas de la base de datos
2025-01-12 18:55:09 INFO  [http-nio-8080-exec-5] c.e.Apitrain.service.AthleteService - Se obtuvieron {} atletas
2025-01-12 18:55:09 INFO  [http-nio-8080-exec-5] c.e.A.controller.AthleteController - Operación completada: Se obtuvieron {} atletas
2025-01-12 18:55:10 INFO  [http-nio-8080-exec-1] c.e.A.controller.AthleteController - Iniciando operación para obtener el atleta con ID {}
2025-01-12 18:55:10 INFO  [http-nio-8080-exec-1] c.e.Apitrain.service.AthleteService - Buscando atleta con ID {}
2025-01-12 18:55:10 INFO  [http-nio-8080-exec-1] c.e.A.controller.AthleteController - Operación completada: Atleta obtenido con ID {}
2025-01-12 18:55:12 INFO  [http-nio-8080-exec-8] c.e.A.controller.AthleteController - Iniciando operación para obtener todos los atletas
2025-01-12 18:55:12 INFO  [http-nio-8080-exec-8] c.e.Apitrain.service.AthleteService - Obteniendo todos los atletas de la base de datos
2025-01-12 18:55:12 INFO  [http-nio-8080-exec-8] c.e.Apitrain.service.AthleteService - Se obtuvieron {} atletas
2025-01-12 18:55:12 INFO  [http-nio-8080-exec-8] c.e.A.controller.AthleteController - Operación completada: Se obtuvieron {} atletas
2025-01-12 19:01:30 INFO  [SpringApplicationShutdownHook] o.s.o.j.LocalContainerEntityManagerFactoryBean - Closing JPA EntityManagerFactory for persistence unit 'default'
2025-01-12 19:01:30 INFO  [SpringApplicationShutdownHook] com.zaxxer.hikari.HikariDataSource - HikariPool-1 - Shutdown initiated...
2025-01-12 19:01:30 INFO  [SpringApplicationShutdownHook] com.zaxxer.hikari.HikariDataSource - HikariPool-1 - Shutdown completed.
2025-01-12 19:01:44 INFO  [background-preinit] o.h.validator.internal.util.Version - HV000001: Hibernate Validator 8.0.1.Final
2025-01-12 19:01:44 INFO  [main] c.e.Apitrain.ApitrainApplication - Starting ApitrainApplication using Java 21 with PID 16700 (C:\Users\Portatil\Documents\Grado superior\Segundo\Acceso a Datos\Apitrain\target\classes started by Portatil in C:\Users\Portatil\Documents\Grado superior\Segundo\Acceso a Datos\Apitrain)
2025-01-12 19:01:44 INFO  [main] c.e.Apitrain.ApitrainApplication - No active profile set, falling back to 1 default profile: "default"
2025-01-12 19:01:45 INFO  [main] o.s.d.r.c.RepositoryConfigurationDelegate - Bootstrapping Spring Data JPA repositories in DEFAULT mode.
2025-01-12 19:01:45 INFO  [main] o.s.d.r.c.RepositoryConfigurationDelegate - Finished Spring Data repository scanning in 64 ms. Found 5 JPA repository interfaces.
2025-01-12 19:01:46 INFO  [main] o.s.b.w.e.tomcat.TomcatWebServer - Tomcat initialized with port 8080 (http)
2025-01-12 19:01:46 INFO  [main] o.a.coyote.http11.Http11NioProtocol - Initializing ProtocolHandler ["http-nio-8080"]
2025-01-12 19:01:46 INFO  [main] o.a.catalina.core.StandardService - Starting service [Tomcat]
2025-01-12 19:01:46 INFO  [main] o.a.catalina.core.StandardEngine - Starting Servlet engine: [Apache Tomcat/10.1.31]
2025-01-12 19:01:46 INFO  [main] o.a.c.c.C.[Tomcat].[localhost].[/] - Initializing Spring embedded WebApplicationContext
2025-01-12 19:01:46 INFO  [main] o.s.b.w.s.c.ServletWebServerApplicationContext - Root WebApplicationContext: initialization completed in 1455 ms
2025-01-12 19:01:46 INFO  [main] com.zaxxer.hikari.HikariDataSource - HikariPool-1 - Starting...
2025-01-12 19:01:46 INFO  [main] com.zaxxer.hikari.pool.HikariPool - HikariPool-1 - Added connection conn0: url=jdbc:h2:file:~/trainingapi_db user=SA
2025-01-12 19:01:46 INFO  [main] com.zaxxer.hikari.HikariDataSource - HikariPool-1 - Start completed.
2025-01-12 19:01:46 INFO  [main] o.s.b.a.h.H2ConsoleAutoConfiguration - H2 console available at '/h2-console'. Database available at 'jdbc:h2:file:~/trainingapi_db'
2025-01-12 19:01:46 INFO  [main] o.h.jpa.internal.util.LogHelper - HHH000204: Processing PersistenceUnitInfo [name: default]
2025-01-12 19:01:46 INFO  [main] org.hibernate.Version - HHH000412: Hibernate ORM core version 6.5.3.Final
2025-01-12 19:01:47 INFO  [main] o.h.c.i.RegionFactoryInitiator - HHH000026: Second-level cache disabled
2025-01-12 19:01:47 INFO  [main] o.s.o.j.p.SpringPersistenceUnitInfo - No LoadTimeWeaver setup: ignoring JPA class transformer
2025-01-12 19:01:48 INFO  [main] o.h.e.t.j.p.i.JtaPlatformInitiator - HHH000489: No JTA platform available (set 'hibernate.transaction.jta.platform' to enable JTA platform integration)
2025-01-12 19:01:48 INFO  [main] o.s.o.j.LocalContainerEntityManagerFactoryBean - Initialized JPA EntityManagerFactory for persistence unit 'default'
2025-01-12 19:01:48 WARN  [main] o.s.b.a.o.j.JpaBaseConfiguration$JpaWebConfiguration - spring.jpa.open-in-view is enabled by default. Therefore, database queries may be performed during view rendering. Explicitly configure spring.jpa.open-in-view to disable this warning
2025-01-12 19:01:49 INFO  [main] o.a.coyote.http11.Http11NioProtocol - Starting ProtocolHandler ["http-nio-8080"]
2025-01-12 19:01:49 INFO  [main] o.s.b.w.e.tomcat.TomcatWebServer - Tomcat started on port 8080 (http) with context path '/'
2025-01-12 19:01:49 INFO  [main] c.e.Apitrain.ApitrainApplication - Started ApitrainApplication in 5.059 seconds (process running for 5.467)
2025-01-12 19:02:03 INFO  [http-nio-8080-exec-2] o.a.c.c.C.[Tomcat].[localhost].[/] - Initializing Spring DispatcherServlet 'dispatcherServlet'
2025-01-12 19:02:03 INFO  [http-nio-8080-exec-2] o.s.web.servlet.DispatcherServlet - Initializing Servlet 'dispatcherServlet'
2025-01-12 19:02:03 INFO  [http-nio-8080-exec-2] o.s.web.servlet.DispatcherServlet - Completed initialization in 2 ms
2025-01-12 19:02:11 INFO  [http-nio-8080-exec-3] c.e.A.controller.AthleteController - Iniciando operación para obtener todos los atletas
2025-01-12 19:02:11 INFO  [http-nio-8080-exec-3] c.e.Apitrain.service.AthleteService - Obteniendo todos los atletas de la base de datos
2025-01-12 19:02:11 INFO  [http-nio-8080-exec-3] c.e.Apitrain.service.AthleteService - Se obtuvieron {} atletas
2025-01-12 19:02:11 INFO  [http-nio-8080-exec-3] c.e.A.controller.AthleteController - Operación completada: Se obtuvieron {} atletas
2025-01-12 19:02:11 INFO  [http-nio-8080-exec-4] c.e.A.controller.AthleteController - Iniciando operación para crear un atleta
2025-01-12 19:02:11 INFO  [http-nio-8080-exec-4] c.e.Apitrain.service.AthleteService - Guardando un nuevo atleta en la base de datos
2025-01-12 19:02:11 INFO  [http-nio-8080-exec-4] c.e.A.controller.AthleteController - Atleta creado con éxito: ID {}
2025-01-12 19:02:11 INFO  [http-nio-8080-exec-5] c.e.A.controller.AthleteController - Iniciando operación de filtrado con parámetros: nombre={}, categoría={}, edad>={}
2025-01-12 19:02:11 INFO  [http-nio-8080-exec-5] c.e.Apitrain.service.AthleteService - Filtrando atletas con parámetros: nombre={}, categoría={}, edad>={}
2025-01-12 19:02:11 INFO  [http-nio-8080-exec-5] c.e.A.controller.AthleteController - Operación completada: Se obtuvieron {} atletas filtrados
2025-01-12 19:02:11 INFO  [http-nio-8080-exec-6] c.e.A.controller.AthleteController - Iniciando operación para actualizar el atleta con ID {}
2025-01-12 19:02:11 INFO  [http-nio-8080-exec-6] c.e.Apitrain.service.AthleteService - Actualizando el atleta con ID {}
2025-01-12 19:02:11 INFO  [http-nio-8080-exec-6] c.e.Apitrain.service.AthleteService - Buscando atleta con ID {}
2025-01-12 19:02:11 INFO  [http-nio-8080-exec-6] c.e.A.controller.AthleteController - Operación completada: Atleta actualizado con ID {}
2025-01-12 19:02:12 INFO  [http-nio-8080-exec-7] c.e.A.controller.AthleteController - Iniciando operación de actualización parcial para el atleta con ID {}
2025-01-12 19:02:12 INFO  [http-nio-8080-exec-7] c.e.Apitrain.service.AthleteService - Actualizando parcialmente el atleta con ID {}
2025-01-12 19:02:12 INFO  [http-nio-8080-exec-7] c.e.A.controller.AthleteController - Operación completada: Atleta actualizado parcialmente con ID {}
2025-01-12 19:02:12 INFO  [http-nio-8080-exec-8] c.e.A.controller.TrainerController - Iniciando operación para crear un entrenador
2025-01-12 19:02:12 INFO  [http-nio-8080-exec-8] c.e.Apitrain.service.TrainerService - Iniciando operación para crear un entrenador
2025-01-12 19:02:12 INFO  [http-nio-8080-exec-8] c.e.Apitrain.service.TrainerService - Entrenador creado con éxito: ID 9
2025-01-12 19:02:12 INFO  [http-nio-8080-exec-8] c.e.A.controller.TrainerController - Entrenador creado con éxito: ID 9
2025-01-12 19:02:12 INFO  [http-nio-8080-exec-9] c.e.A.controller.TrainerController - Iniciando operación para actualizar el entrenador con ID 1
2025-01-12 19:02:12 INFO  [http-nio-8080-exec-9] c.e.Apitrain.service.TrainerService - Iniciando operación para actualizar el entrenador con ID 1
2025-01-12 19:02:12 INFO  [http-nio-8080-exec-9] c.e.Apitrain.service.TrainerService - Buscando entrenador con ID 1
2025-01-12 19:02:12 INFO  [http-nio-8080-exec-9] c.e.Apitrain.service.TrainerService - Entrenador actualizado con éxito: ID 1
2025-01-12 19:02:12 INFO  [http-nio-8080-exec-9] c.e.A.controller.TrainerController - Operación completada: Entrenador actualizado con ID 1
2025-01-12 19:02:12 INFO  [http-nio-8080-exec-10] c.e.A.controller.TrainerController - Iniciando operación para obtener el entrenador con ID 1
2025-01-12 19:02:12 INFO  [http-nio-8080-exec-10] c.e.Apitrain.service.TrainerService - Buscando entrenador con ID 1
2025-01-12 19:02:12 INFO  [http-nio-8080-exec-10] c.e.A.controller.TrainerController - Operación completada: Entrenador obtenido con ID 1
2025-01-12 19:02:12 INFO  [http-nio-8080-exec-1] c.e.A.controller.TrainerController - Iniciando operación para filtrar entrenadores con parámetros: nombre=Pedro, especialidad=Fuerza, experiencia>=5
2025-01-12 19:02:12 INFO  [http-nio-8080-exec-1] c.e.Apitrain.service.TrainerService - Iniciando operación de filtrado con parámetros: nombre=Pedro, especialidad=Fuerza, experiencia>=5
2025-01-12 19:02:12 INFO  [http-nio-8080-exec-1] c.e.Apitrain.service.TrainerService - Operación completada: Se obtuvieron 0 entrenadores filtrados
2025-01-12 19:02:12 INFO  [http-nio-8080-exec-1] c.e.A.controller.TrainerController - Operación completada: Se obtuvieron 0 entrenadores filtrados
2025-01-12 19:02:12 INFO  [http-nio-8080-exec-2] c.e.A.controller.TrainerController - Iniciando operación para actualización parcial del entrenador con ID 1
2025-01-12 19:02:12 INFO  [http-nio-8080-exec-2] c.e.Apitrain.service.TrainerService - Iniciando operación para actualización parcial del entrenador con ID 1
2025-01-12 19:02:12 INFO  [http-nio-8080-exec-2] c.e.Apitrain.service.TrainerService - Entrenador actualizado parcialmente con éxito: ID 1
2025-01-12 19:02:12 INFO  [http-nio-8080-exec-2] c.e.A.controller.TrainerController - Operación completada: Entrenador actualizado parcialmente con ID 1
2025-01-12 19:02:12 INFO  [http-nio-8080-exec-3] c.e.A.controller.TrainingController - Iniciando operación para obtener todos los entrenamientos
2025-01-12 19:02:12 INFO  [http-nio-8080-exec-3] c.e.Apitrain.service.TrainingService - Obteniendo todos los entrenamientos de la base de datos
2025-01-12 19:02:12 INFO  [http-nio-8080-exec-3] c.e.Apitrain.service.TrainingService - Se obtuvieron 14 entrenamientos
2025-01-12 19:02:12 INFO  [http-nio-8080-exec-3] c.e.A.controller.TrainingController - Operación completada: Se obtuvieron 14 entrenamientos
2025-01-12 19:02:12 INFO  [http-nio-8080-exec-4] c.e.A.controller.TrainingController - Iniciando operación para crear un entrenamiento
2025-01-12 19:02:12 INFO  [http-nio-8080-exec-4] c.e.Apitrain.service.TrainingService - Guardando un nuevo entrenamiento en la base de datos
2025-01-12 19:02:12 INFO  [http-nio-8080-exec-4] c.e.Apitrain.service.TrainingService - Entrenamiento creado con éxito: ID 74
2025-01-12 19:02:12 INFO  [http-nio-8080-exec-4] c.e.A.controller.TrainingController - Entrenamiento creado con éxito: ID 74
2025-01-12 19:02:12 INFO  [http-nio-8080-exec-5] c.e.A.controller.TrainingController - Iniciando operación para actualizar el entrenamiento con ID 1
2025-01-12 19:02:12 INFO  [http-nio-8080-exec-5] c.e.Apitrain.service.TrainingService - Actualizando el entrenamiento con ID 1
2025-01-12 19:02:12 INFO  [http-nio-8080-exec-5] c.e.Apitrain.service.TrainingService - Buscando entrenamiento con ID 1
2025-01-12 19:02:12 INFO  [http-nio-8080-exec-5] c.e.Apitrain.service.TrainingService - Entrenamiento actualizado con éxito: ID 1
2025-01-12 19:02:12 INFO  [http-nio-8080-exec-5] c.e.A.controller.TrainingController - Operación completada: Entrenamiento actualizado con ID 1
2025-01-12 19:02:12 INFO  [http-nio-8080-exec-6] c.e.A.controller.TrainingController - Iniciando operación para filtrar entrenamientos con parámetros: tipo=Cardio, nivel=Intermedio, duración>=40
2025-01-12 19:02:12 INFO  [http-nio-8080-exec-6] c.e.Apitrain.service.TrainingService - Filtrando entrenamientos con parámetros: tipo=Cardio, nivel=Intermedio, duración>=40
2025-01-12 19:02:12 INFO  [http-nio-8080-exec-6] c.e.Apitrain.service.TrainingService - Operación completada: Se obtuvieron 9 entrenamientos filtrados
2025-01-12 19:02:12 INFO  [http-nio-8080-exec-6] c.e.A.controller.TrainingController - Operación completada: Se obtuvieron 9 entrenamientos filtrados
2025-01-12 19:02:12 INFO  [http-nio-8080-exec-7] c.e.A.controller.EventController - Iniciando operación para crear un evento
2025-01-12 19:02:12 INFO  [http-nio-8080-exec-7] c.e.Apitrain.service.EventService - Guardando un nuevo evento en la base de datos
2025-01-12 19:02:12 INFO  [http-nio-8080-exec-7] c.e.Apitrain.service.EventService - Evento creado con éxito: ID 8
2025-01-12 19:02:12 INFO  [http-nio-8080-exec-7] c.e.A.controller.EventController - Evento creado con éxito: ID 8
2025-01-12 19:02:12 INFO  [http-nio-8080-exec-8] c.e.A.controller.EventController - Iniciando operación para actualizar el evento con ID 1
2025-01-12 19:02:12 INFO  [http-nio-8080-exec-8] c.e.Apitrain.service.EventService - Actualizando el evento con ID 1
2025-01-12 19:02:12 INFO  [http-nio-8080-exec-8] c.e.Apitrain.service.EventService - Buscando evento con ID 1
2025-01-12 19:02:12 INFO  [http-nio-8080-exec-8] c.e.Apitrain.service.EventService - Evento actualizado con éxito: ID 1
2025-01-12 19:02:12 INFO  [http-nio-8080-exec-8] c.e.A.controller.EventController - Operación completada: Evento actualizado con ID 1
2025-01-12 19:02:13 INFO  [http-nio-8080-exec-9] c.e.A.controller.EventController - Iniciando operación para obtener todos los eventos
2025-01-12 19:02:13 INFO  [http-nio-8080-exec-9] c.e.Apitrain.service.EventService - Obteniendo todos los eventos de la base de datos
2025-01-12 19:02:13 INFO  [http-nio-8080-exec-9] c.e.Apitrain.service.EventService - Se obtuvieron 8 eventos
2025-01-12 19:02:13 INFO  [http-nio-8080-exec-9] c.e.A.controller.EventController - Operación completada: Se obtuvieron 8 eventos
2025-01-12 19:02:13 INFO  [http-nio-8080-exec-10] c.e.A.controller.EventController - Iniciando operación para filtrar eventos con parámetros: nombre=Maratón, ubicación=Madrid, capacidad>=100
2025-01-12 19:02:13 INFO  [http-nio-8080-exec-10] c.e.Apitrain.service.EventService - Filtrando eventos con parámetros: nombre=Maratón, ubicación=Madrid, capacidad>=100
2025-01-12 19:02:13 INFO  [http-nio-8080-exec-10] c.e.Apitrain.service.EventService - Operación completada: Se obtuvieron 5 eventos filtrados
2025-01-12 19:02:13 INFO  [http-nio-8080-exec-10] c.e.A.controller.EventController - Operación completada: Se obtuvieron 5 eventos filtrados
2025-01-12 19:02:13 INFO  [http-nio-8080-exec-1] c.e.A.controller.EventController - Iniciando operación para actualización parcial del evento con ID 1
2025-01-12 19:02:13 INFO  [http-nio-8080-exec-1] c.e.Apitrain.service.EventService - Actualizando parcialmente el evento con ID 1
2025-01-12 19:02:13 INFO  [http-nio-8080-exec-1] c.e.Apitrain.service.EventService - Evento actualizado parcialmente con éxito: ID 1
2025-01-12 19:02:13 INFO  [http-nio-8080-exec-1] c.e.A.controller.EventController - Operación completada: Evento actualizado parcialmente con ID 1
2025-01-12 19:02:13 INFO  [http-nio-8080-exec-2] c.e.A.controller.FacilityController - Iniciando operación para crear una instalación
2025-01-12 19:02:13 INFO  [http-nio-8080-exec-2] c.e.Apitrain.service.FacilityService - Guardando una nueva instalación en la base de datos
2025-01-12 19:02:13 INFO  [http-nio-8080-exec-2] c.e.Apitrain.service.FacilityService - Instalación creada con éxito: ID 6
2025-01-12 19:02:13 INFO  [http-nio-8080-exec-2] c.e.A.controller.FacilityController - Instalación creada con éxito: ID 6
2025-01-12 19:02:13 INFO  [http-nio-8080-exec-3] c.e.A.controller.FacilityController - Iniciando operación para obtener todas las instalaciones
2025-01-12 19:02:13 INFO  [http-nio-8080-exec-3] c.e.Apitrain.service.FacilityService - Obteniendo todas las instalaciones de la base de datos
2025-01-12 19:02:13 INFO  [http-nio-8080-exec-3] c.e.Apitrain.service.FacilityService - Se obtuvieron 6 instalaciones
2025-01-12 19:02:13 INFO  [http-nio-8080-exec-3] c.e.A.controller.FacilityController - Operación completada: Se obtuvieron 6 instalaciones
2025-01-12 19:02:13 INFO  [http-nio-8080-exec-4] c.e.A.controller.FacilityController - Iniciando operación para actualizar la instalación con ID 1
2025-01-12 19:02:13 INFO  [http-nio-8080-exec-4] c.e.Apitrain.service.FacilityService - Actualizando la instalación con ID 1
2025-01-12 19:02:13 INFO  [http-nio-8080-exec-4] c.e.Apitrain.service.FacilityService - Buscando instalación con ID 1
2025-01-12 19:02:13 INFO  [http-nio-8080-exec-4] c.e.Apitrain.service.FacilityService - Instalación actualizada con éxito: ID 1
2025-01-12 19:02:13 INFO  [http-nio-8080-exec-4] c.e.A.controller.FacilityController - Operación completada: Instalación actualizada con ID 1
2025-01-12 19:02:13 INFO  [http-nio-8080-exec-5] c.e.A.controller.FacilityController - Iniciando operación para filtrar instalaciones con parámetros: nombre=Gimnasio, tipo=Gimnasio, capacidad>=50
2025-01-12 19:02:13 INFO  [http-nio-8080-exec-5] c.e.Apitrain.service.FacilityService - Filtrando instalaciones con parámetros: nombre=Gimnasio, tipo=Gimnasio, capacidad>=50
2025-01-12 19:02:13 INFO  [http-nio-8080-exec-5] c.e.Apitrain.service.FacilityService - Operación completada: Se obtuvieron 3 instalaciones filtradas
2025-01-12 19:02:13 INFO  [http-nio-8080-exec-5] c.e.A.controller.FacilityController - Operación completada: Se obtuvieron 3 instalaciones filtradas
2025-01-12 19:02:13 INFO  [http-nio-8080-exec-6] c.e.A.controller.FacilityController - Iniciando operación para actualización parcial de la instalación con ID 1
2025-01-12 19:02:13 INFO  [http-nio-8080-exec-6] c.e.Apitrain.service.FacilityService - Actualizando parcialmente la instalación con ID 1
2025-01-12 19:02:13 INFO  [http-nio-8080-exec-6] c.e.Apitrain.service.FacilityService - Instalación actualizada parcialmente con éxito: ID 1
2025-01-12 19:02:13 INFO  [http-nio-8080-exec-6] c.e.A.controller.FacilityController - Operación completada: Instalación actualizada parcialmente con ID 1
2025-01-12 19:02:57 INFO  [http-nio-8080-exec-8] c.e.A.controller.TrainerController - Iniciando operación para filtrar entrenadores con parámetros: nombre=Pedro, especialidad=Fuerza, experiencia>=0
2025-01-12 19:02:57 INFO  [http-nio-8080-exec-8] c.e.Apitrain.service.TrainerService - Iniciando operación de filtrado con parámetros: nombre=Pedro, especialidad=Fuerza, experiencia>=0
2025-01-12 19:02:57 INFO  [http-nio-8080-exec-8] c.e.Apitrain.service.TrainerService - Operación completada: Se obtuvieron 0 entrenadores filtrados
2025-01-12 19:02:57 INFO  [http-nio-8080-exec-8] c.e.A.controller.TrainerController - Operación completada: Se obtuvieron 0 entrenadores filtrados
2025-01-12 19:03:01 INFO  [http-nio-8080-exec-9] c.e.A.controller.TrainerController - Iniciando operación para filtrar entrenadores con parámetros: nombre=Pedro, especialidad=Fuerza, experiencia>=5
2025-01-12 19:03:01 INFO  [http-nio-8080-exec-9] c.e.Apitrain.service.TrainerService - Iniciando operación de filtrado con parámetros: nombre=Pedro, especialidad=Fuerza, experiencia>=5
2025-01-12 19:03:01 INFO  [http-nio-8080-exec-9] c.e.Apitrain.service.TrainerService - Operación completada: Se obtuvieron 0 entrenadores filtrados
2025-01-12 19:03:01 INFO  [http-nio-8080-exec-9] c.e.A.controller.TrainerController - Operación completada: Se obtuvieron 0 entrenadores filtrados
2025-01-12 19:03:26 INFO  [http-nio-8080-exec-1] c.e.A.controller.TrainerController - Iniciando operación para crear un entrenador
2025-01-12 19:03:26 INFO  [http-nio-8080-exec-1] c.e.Apitrain.service.TrainerService - Iniciando operación para crear un entrenador
2025-01-12 19:03:26 INFO  [http-nio-8080-exec-1] c.e.Apitrain.service.TrainerService - Entrenador creado con éxito: ID 10
2025-01-12 19:03:26 INFO  [http-nio-8080-exec-1] c.e.A.controller.TrainerController - Entrenador creado con éxito: ID 10
